#
# A fatal error has been detected by the Java Runtime Environment:
#
#  EXCEPTION_ACCESS_VIOLATION (0xc0000005) at pc=0x000001a782491066, pid=1780, tid=12656
#
# JRE version: OpenJDK Runtime Environment AdoptOpenJDK (11.0.8+10) (build 11.0.8+10)
# Java VM: OpenJDK 64-Bit Server VM AdoptOpenJDK (11.0.8+10, mixed mode, tiered, compressed oops, g1 gc, windows-amd64)
# Problematic frame:
# C  [OpenAL64.dll+0x11066]
#
# No core dump will be written. Minidumps are not enabled by default on client versions of Windows
#
# If you would like to submit a bug report, please visit:
#   https://github.com/AdoptOpenJDK/openjdk-support/issues
# The crash happened outside the Java Virtual Machine in native code.
# See problematic frame for where to report the bug.
#

---------------  S U M M A R Y ------------

Command Line: -Duser.language=es_AR -Dfile.encoding=UTF-8 org.uqbar.project.wollok.launch.WollokLauncher -requestsPort 0 -eventsPort 0 -folder -dontValidate -wf src/Golf.wpgm

Host: Intel(R) Core(TM) i5-10400 CPU @ 2.90GHz, 12 cores, 15G,  Windows 10 , 64 bit Build 19041 (10.0.19041.546)
Time: Thu Oct 29 11:45:07 2020 Hora estándar de Argentina elapsed time: 1 seconds (0d 0h 0m 1s)

---------------  T H R E A D  ---------------

Current thread (0x000001a7db96c800):  JavaThread "main" [_thread_in_native, id=12656, stack(0x0000001671b00000,0x0000001671c00000)]

Stack: [0x0000001671b00000,0x0000001671c00000],  sp=0x0000001671bfc560,  free space=1009k
Native frames: (J=compiled Java code, j=interpreted, Vv=VM code, C=native code)
C  [OpenAL64.dll+0x11066]

Java frames: (J=compiled Java code, j=interpreted, Vv=VM code)
j  org.lwjgl.openal.ALC10.nalcCreateContext(JJ)J+0
j  org.lwjgl.openal.ALC10.alcCreateContext(Lorg/lwjgl/openal/ALCdevice;Ljava/nio/IntBuffer;)Lorg/lwjgl/openal/ALCcontext;+8
j  org.lwjgl.openal.AL.init(Ljava/lang/String;IIZZ)V+69
j  org.lwjgl.openal.AL.create(Ljava/lang/String;IIZZ)V+246
j  org.lwjgl.openal.AL.create(Ljava/lang/String;IIZ)V+5
j  org.lwjgl.openal.AL.create()V+6
j  com.badlogic.gdx.backends.lwjgl.audio.OpenALAudio.<init>(III)V+114
j  com.badlogic.gdx.backends.lwjgl.LwjglApplication.<init>(Lcom/badlogic/gdx/ApplicationListener;Lcom/badlogic/gdx/backends/lwjgl/LwjglApplicationConfiguration;Lcom/badlogic/gdx/backends/lwjgl/LwjglGraphics;)V+120
j  com.badlogic.gdx.backends.lwjgl.LwjglApplication.<init>(Lcom/badlogic/gdx/ApplicationListener;Lcom/badlogic/gdx/backends/lwjgl/LwjglApplicationConfiguration;)V+11
j  org.uqbar.project.wollok.game.gameboard.WollokGDXApplication.<init>(Lorg/uqbar/project/wollok/game/gameboard/Gameboard;Ljava/lang/Boolean;)V+17
j  org.uqbar.project.wollok.game.helpers.Application.start(Lorg/uqbar/project/wollok/game/gameboard/Gameboard;Ljava/lang/Boolean;)V+5
j  org.uqbar.project.wollok.game.gameboard.Gameboard.start(Ljava/lang/Boolean;)V+13
j  wollok.game.GameObject.doStart(Ljava/lang/Boolean;)V+12
v  ~StubRoutines::call_stub
j  jdk.internal.reflect.NativeMethodAccessorImpl.invoke0(Ljava/lang/reflect/Method;Ljava/lang/Object;[Ljava/lang/Object;)Ljava/lang/Object;+0 java.base@11.0.8
j  jdk.internal.reflect.NativeMethodAccessorImpl.invoke(Ljava/lang/Object;[Ljava/lang/Object;)Ljava/lang/Object;+100 java.base@11.0.8
J 2805 c1 jdk.internal.reflect.DelegatingMethodAccessorImpl.invoke(Ljava/lang/Object;[Ljava/lang/Object;)Ljava/lang/Object; java.base@11.0.8 (10 bytes) @ 0x000001a7e4b5d54c [0x000001a7e4b5d440+0x000000000000010c]
J 2804 c1 java.lang.reflect.Method.invoke(Ljava/lang/Object;[Ljava/lang/Object;)Ljava/lang/Object; java.base@11.0.8 (65 bytes) @ 0x000001a7e4b5cfe4 [0x000001a7e4b5cca0+0x0000000000000344]
j  org.uqbar.project.wollok.ui.utils.XTendUtilExtensions.invokeConvertingArgs(Ljava/lang/reflect/Method;Ljava/lang/Object;[Ljava/lang/Object;)Lorg/uqbar/project/wollok/interpreter/core/WollokObject;+261
j  org.uqbar.project.wollok.interpreter.AbstractWollokCallable._invokeNative(Ljava/lang/Object;Ljava/lang/String;[Lorg/uqbar/project/wollok/interpreter/core/WollokObject;)Lorg/uqbar/project/wollok/interpreter/core/WollokObject;+41
j  org.uqbar.project.wollok.interpreter.AbstractWollokCallable.invokeNative(Ljava/lang/Object;Ljava/lang/String;[Lorg/uqbar/project/wollok/interpreter/core/WollokObject;)Lorg/uqbar/project/wollok/interpreter/core/WollokObject;+26
j  org.uqbar.project.wollok.interpreter.AbstractWollokCallable$1.apply()Lorg/uqbar/project/wollok/interpreter/core/WollokObject;+55
j  org.uqbar.project.wollok.interpreter.AbstractWollokCallable$1.apply()Ljava/lang/Object;+1
j  org.uqbar.project.wollok.interpreter.threads.WThread.performOnStack(Lorg/eclipse/emf/ecore/EObject;Lorg/uqbar/project/wollok/interpreter/context/EvaluationContext;Lorg/eclipse/xtext/xbase/lib/Functions$Function0;)Lorg/uqbar/project/wollok/interpreter/core/WollokObject;+29
j  org.uqbar.project.wollok.interpreter.WollokInterpreter.performOnStack(Lorg/eclipse/emf/ecore/EObject;Lorg/uqbar/project/wollok/interpreter/context/EvaluationContext;Lorg/eclipse/xtext/xbase/lib/Functions$Function0;)Lorg/uqbar/project/wollok/interpreter/core/WollokObject;+7
j  org.uqbar.project.wollok.interpreter.AbstractWollokCallable.call(Lorg/uqbar/project/wollok/wollokDsl/WMethodDeclaration;[Lorg/uqbar/project/wollok/interpreter/core/WollokObject;)Lorg/uqbar/project/wollok/interpreter/core/WollokObject;+38
j  org.uqbar.project.wollok.interpreter.core.WollokObject.call(Ljava/lang/String;[Lorg/uqbar/project/wollok/interpreter/core/WollokObject;)Lorg/uqbar/project/wollok/interpreter/core/WollokObject;+55
j  org.uqbar.project.wollok.interpreter.WollokInterpreterEvaluator._evaluate(Lorg/uqbar/project/wollok/wollokDsl/WFeatureCall;)Lorg/uqbar/project/wollok/interpreter/core/WollokObject;+119
j  org.uqbar.project.wollok.launch.WollokLauncherInterpreterEvaluator.evaluate(Lorg/eclipse/emf/ecore/EObject;)Lorg/uqbar/project/wollok/interpreter/core/WollokObject;+412
j  org.uqbar.project.wollok.interpreter.WollokInterpreterEvaluator.evaluate(Lorg/eclipse/emf/ecore/EObject;)Ljava/lang/Object;+2
j  org.uqbar.project.wollok.interpreter.WollokInterpreter.eval(Lorg/eclipse/emf/ecore/EObject;)Lorg/uqbar/project/wollok/interpreter/core/WollokObject;+63
j  org.uqbar.project.wollok.interpreter.WollokInterpreterEvaluator.eval(Lorg/eclipse/emf/ecore/EObject;)Lorg/uqbar/project/wollok/interpreter/core/WollokObject;+5
j  org.uqbar.project.wollok.interpreter.WollokInterpreterEvaluator$1.apply(Lorg/uqbar/project/wollok/interpreter/core/WollokObject;Lorg/eclipse/emf/ecore/EObject;)Lorg/uqbar/project/wollok/interpreter/core/WollokObject;+5
j  org.uqbar.project.wollok.interpreter.WollokInterpreterEvaluator$1.apply(Ljava/lang/Object;Ljava/lang/Object;)Ljava/lang/Object;+9
j  org.eclipse.xtext.xbase.lib.IteratorExtensions.fold(Ljava/util/Iterator;Ljava/lang/Object;Lorg/eclipse/xtext/xbase/lib/Functions$Function2;)Ljava/lang/Object;+19
j  org.eclipse.xtext.xbase.lib.IterableExtensions.fold(Ljava/lang/Iterable;Ljava/lang/Object;Lorg/eclipse/xtext/xbase/lib/Functions$Function2;)Ljava/lang/Object;+8
j  org.uqbar.project.wollok.interpreter.WollokInterpreterEvaluator.evalAll(Ljava/lang/Iterable;)Lorg/uqbar/project/wollok/interpreter/core/WollokObject;+12
j  org.uqbar.project.wollok.interpreter.WollokInterpreterEvaluator._evaluate(Lorg/uqbar/project/wollok/wollokDsl/WBlockExpression;)Lorg/uqbar/project/wollok/interpreter/core/WollokObject;+34
j  org.uqbar.project.wollok.launch.WollokLauncherInterpreterEvaluator.evaluate(Lorg/eclipse/emf/ecore/EObject;)Lorg/uqbar/project/wollok/interpreter/core/WollokObject;+76
j  org.uqbar.project.wollok.interpreter.WollokInterpreterEvaluator.evaluate(Lorg/eclipse/emf/ecore/EObject;)Ljava/lang/Object;+2
j  org.uqbar.project.wollok.interpreter.WollokInterpreter.eval(Lorg/eclipse/emf/ecore/EObject;)Lorg/uqbar/project/wollok/interpreter/core/WollokObject;+63
j  org.uqbar.project.wollok.interpreter.AbstractWollokCallable.eval(Lorg/eclipse/emf/ecore/EObject;)Lorg/uqbar/project/wollok/interpreter/core/WollokObject;+5
j  org.uqbar.project.wollok.interpreter.AbstractWollokCallable$1.apply()Lorg/uqbar/project/wollok/interpreter/core/WollokObject;+110
j  org.uqbar.project.wollok.interpreter.AbstractWollokCallable$1.apply()Ljava/lang/Object;+1
j  org.uqbar.project.wollok.interpreter.threads.WThread.performOnStack(Lorg/eclipse/emf/ecore/EObject;Lorg/uqbar/project/wollok/interpreter/context/EvaluationContext;Lorg/eclipse/xtext/xbase/lib/Functions$Function0;)Lorg/uqbar/project/wollok/interpreter/core/WollokObject;+29
j  org.uqbar.project.wollok.interpreter.WollokInterpreter.performOnStack(Lorg/eclipse/emf/ecore/EObject;Lorg/uqbar/project/wollok/interpreter/context/EvaluationContext;Lorg/eclipse/xtext/xbase/lib/Functions$Function0;)Lorg/uqbar/project/wollok/interpreter/core/WollokObject;+7
j  org.uqbar.project.wollok.interpreter.AbstractWollokCallable.call(Lorg/uqbar/project/wollok/wollokDsl/WMethodDeclaration;[Lorg/uqbar/project/wollok/interpreter/core/WollokObject;)Lorg/uqbar/project/wollok/interpreter/core/WollokObject;+38
j  org.uqbar.project.wollok.interpreter.core.WollokObject.call(Ljava/lang/String;[Lorg/uqbar/project/wollok/interpreter/core/WollokObject;)Lorg/uqbar/project/wollok/interpreter/core/WollokObject;+55
j  org.uqbar.project.wollok.interpreter.WollokInterpreterEvaluator._evaluate(Lorg/uqbar/project/wollok/wollokDsl/WFeatureCall;)Lorg/uqbar/project/wollok/interpreter/core/WollokObject;+119
j  org.uqbar.project.wollok.launch.WollokLauncherInterpreterEvaluator.evaluate(Lorg/eclipse/emf/ecore/EObject;)Lorg/uqbar/project/wollok/interpreter/core/WollokObject;+412
j  org.uqbar.project.wollok.interpreter.WollokInterpreterEvaluator.evaluate(Lorg/eclipse/emf/ecore/EObject;)Ljava/lang/Object;+2
j  org.uqbar.project.wollok.interpreter.WollokInterpreter.eval(Lorg/eclipse/emf/ecore/EObject;)Lorg/uqbar/project/wollok/interpreter/core/WollokObject;+63
j  org.uqbar.project.wollok.interpreter.WollokInterpreterEvaluator.eval(Lorg/eclipse/emf/ecore/EObject;)Lorg/uqbar/project/wollok/interpreter/core/WollokObject;+5
j  org.uqbar.project.wollok.interpreter.WollokInterpreterEvaluator$1.apply(Lorg/uqbar/project/wollok/interpreter/core/WollokObject;Lorg/eclipse/emf/ecore/EObject;)Lorg/uqbar/project/wollok/interpreter/core/WollokObject;+5
j  org.uqbar.project.wollok.interpreter.WollokInterpreterEvaluator$1.apply(Ljava/lang/Object;Ljava/lang/Object;)Ljava/lang/Object;+9
j  org.eclipse.xtext.xbase.lib.IteratorExtensions.fold(Ljava/util/Iterator;Ljava/lang/Object;Lorg/eclipse/xtext/xbase/lib/Functions$Function2;)Ljava/lang/Object;+19
j  org.eclipse.xtext.xbase.lib.IterableExtensions.fold(Ljava/lang/Iterable;Ljava/lang/Object;Lorg/eclipse/xtext/xbase/lib/Functions$Function2;)Ljava/lang/Object;+8
j  org.uqbar.project.wollok.interpreter.WollokInterpreterEvaluator.evalAll(Ljava/lang/Iterable;)Lorg/uqbar/project/wollok/interpreter/core/WollokObject;+12
j  org.uqbar.project.wollok.interpreter.WollokInterpreterEvaluator._evaluate(Lorg/uqbar/project/wollok/wollokDsl/WProgram;)Lorg/uqbar/project/wollok/interpreter/core/WollokObject;+18
j  org.uqbar.project.wollok.launch.WollokLauncherInterpreterEvaluator.evaluate(Lorg/eclipse/emf/ecore/EObject;)Lorg/uqbar/project/wollok/interpreter/core/WollokObject;+444
j  org.uqbar.project.wollok.interpreter.WollokInterpreterEvaluator.evaluate(Lorg/eclipse/emf/ecore/EObject;)Ljava/lang/Object;+2
j  org.uqbar.project.wollok.interpreter.WollokInterpreter.eval(Lorg/eclipse/emf/ecore/EObject;)Lorg/uqbar/project/wollok/interpreter/core/WollokObject;+63
j  org.uqbar.project.wollok.interpreter.WollokInterpreterEvaluator.eval(Lorg/eclipse/emf/ecore/EObject;)Lorg/uqbar/project/wollok/interpreter/core/WollokObject;+5
j  org.uqbar.project.wollok.launch.WollokLauncherInterpreterEvaluator._evaluate(Lorg/uqbar/project/wollok/wollokDsl/WFile;)Lorg/uqbar/project/wollok/interpreter/core/WollokObject;+32
j  org.uqbar.project.wollok.launch.WollokLauncherInterpreterEvaluator.evaluate(Lorg/eclipse/emf/ecore/EObject;)Lorg/uqbar/project/wollok/interpreter/core/WollokObject;+428
j  org.uqbar.project.wollok.interpreter.WollokInterpreterEvaluator.evaluate(Lorg/eclipse/emf/ecore/EObject;)Ljava/lang/Object;+2
j  org.uqbar.project.wollok.interpreter.WollokInterpreter.interpret(Lorg/eclipse/emf/ecore/EObject;Ljava/lang/Boolean;)Lorg/uqbar/project/wollok/interpreter/core/WollokObject;+25
j  org.uqbar.project.wollok.interpreter.WollokInterpreter.interpret(Lorg/eclipse/emf/ecore/EObject;)Lorg/uqbar/project/wollok/interpreter/core/WollokObject;+8
j  org.uqbar.project.wollok.launch.WollokLauncher.doSomething(Lorg/uqbar/project/wollok/wollokDsl/WFile;Lcom/google/inject/Injector;Ljava/io/File;Lorg/uqbar/project/wollok/launch/WollokLauncherParameters;)V+109
j  org.uqbar.project.wollok.launch.WollokChecker.launch(Ljava/lang/String;Lorg/uqbar/project/wollok/launch/WollokLauncherParameters;)V+31
j  org.uqbar.project.wollok.launch.WollokChecker.doMain([Ljava/lang/String;)V+205
j  org.uqbar.project.wollok.launch.WollokLauncher.main([Ljava/lang/String;)V+8
v  ~StubRoutines::call_stub

siginfo: EXCEPTION_ACCESS_VIOLATION (0xc0000005), reading address 0x000001a782db6004


Register to memory mapping:

RIP=0x000001a782491066 OpenAL64.dll
RAX=0x0000000000000004 is an unknown value
RBX=0x000001a786b90090 points into unknown readable memory: 02 00 00 00 01 00 00 00
RCX=0x000001a782db6008 is an unknown value
RDX=0x000001a782db6004 is an unknown value
RSP=0x0000001671bfc560 is pointing into the stack for thread: 0x000001a7db96c800
RBP=0x00000000000000ff is an unknown value
RSI=0x000001a782db5f7c points into unknown readable memory: 69 00 6f 00
RDI=0x0 is NULL
R8 =0x0000000000000022 is an unknown value
R9 =0x000001a782db5f7c points into unknown readable memory: 69 00 6f 00
R10=0x000001a7e3fdef68 is at code_begin+1000 in an Interpreter codelet
method entry point (kind = native)  [0x000001a7e3fdeb80, 0x000001a7e3fdf620]  2720 bytes
R11=0x000000070edfd798 is an oop: java.lang.Class 
{0x000000070edfd798} - klass: 'java/lang/Class'
R12=0x0000000000000001 is an unknown value
R13={method} {0x000001a7852863d0} 'nalcCreateContext' '(JJ)J' in 'org/lwjgl/openal/ALC10'
R14=0x0000001671bfc700 is pointing into the stack for thread: 0x000001a7db96c800
R15=0x000001a7db96c800 is a thread


Registers:
RAX=0x0000000000000004, RBX=0x000001a786b90090, RCX=0x000001a782db6008, RDX=0x000001a782db6004
RSP=0x0000001671bfc560, RBP=0x00000000000000ff, RSI=0x000001a782db5f7c, RDI=0x0000000000000000
R8 =0x0000000000000022, R9 =0x000001a782db5f7c, R10=0x000001a7e3fdef68, R11=0x000000070edfd798
R12=0x0000000000000001, R13=0x000001a7852863c8, R14=0x0000001671bfc700, R15=0x000001a7db96c800
RIP=0x000001a782491066, EFLAGS=0x0000000000010202

Top of Stack: (sp=0x0000001671bfc560)
0x0000001671bfc560:   000001a7db96d100 0000002800000003
0x0000001671bfc570:   000001a7db96c800 0000001671bfc700
0x0000001671bfc580:   000001a7852863c8 00007ffd191c6619
0x0000001671bfc590:   0000000000000000 00000000000001f0
0x0000001671bfc5a0:   000001a7db96c800 000001a7db96c800
0x0000001671bfc5b0:   0000001671bfcfc0 00007ffd193b2a83
0x0000001671bfc5c0:   0000001671bfc5e0 000001a7db96c800
0x0000001671bfc5d0:   000001a7db96c800 0000001671bfc700
0x0000001671bfc5e0:   000001a7852863c8 0000000000000000
0x0000001671bfc5f0:   000001a782db5f7c 00000000000001f0
0x0000001671bfc600:   0000001671bfc6c8 000001a78249248f
0x0000001671bfc610:   000001a786b90090 000001a786b90090
0x0000001671bfc620:   000001a70000ac44 000001a700000004
0x0000001671bfc630:   0000000000000000 000001a7e3fdef97
0x0000001671bfc640:   000001a7852863c8 000001a7e3fdec7c
0x0000001671bfc650:   000001a7db96c800 000001a7852863c8 

Instructions: (pc=0x000001a782491066)
0x000001a782490f66:   b0 00 00 00 0f ba a3 fc 00 00 00 1f 44 89 9c 24
0x000001a782490f76:   b0 00 00 00 73 15 48 8b 83 f8 61 01 00 48 8b cb
0x000001a782490f86:   ff 50 20 44 8b 9c 24 b0 00 00 00 0f ba b3 fc 00
0x000001a782490f96:   00 00 1f 44 89 7b 38 44 89 6b 44 44 89 73 48 e9
0x000001a782490fa6:   56 01 00 00 83 3d 4f 94 04 00 02 0f 8c 8e fe ff
0x000001a782490fb6:   ff 4c 8d 05 a2 2c 03 00 e9 6f fe ff ff 48 3b d7
0x000001a782490fc6:   0f 84 3f 01 00 00 39 3a 0f 84 37 01 00 00 0f ba
0x000001a782490fd6:   a1 fc 00 00 00 1f 73 0a 48 8b 81 f8 61 01 00 ff
0x000001a782490fe6:   50 20 8b 43 38 0f ba b3 fc 00 00 00 1f 8b 6b 64
0x000001a782490ff6:   44 8b 63 68 89 84 24 c0 00 00 00 8b 43 6c 89 84
0x000001a782491006:   24 c8 00 00 00 4c 8b c7 39 3e 74 58 48 8b d6 48
0x000001a782491016:   8d 4e 04 81 3a 07 10 00 00 75 10 8b 01 83 8b fc
0x000001a782491026:   00 00 00 02 89 84 24 c0 00 00 00 81 3a 11 10 00
0x000001a782491036:   00 75 10 8b 6b 5c 44 8b 21 44 3b e5 44 0f 47 e5
0x000001a782491046:   41 2b ec 81 3a 03 00 02 00 75 09 8b 01 89 84 24
0x000001a782491056:   c8 00 00 00 49 83 c0 02 48 83 c1 08 4a 8d 14 86
0x000001a782491066:   39 3a 75 af 4c 8d 84 24 c0 00 00 00 48 8d 15 d7
0x000001a782491076:   2b 03 00 33 c9 e8 58 5f 00 00 b8 40 1f 00 00 4c
0x000001a782491086:   8d 84 24 c8 00 00 00 39 84 24 c0 00 00 00 48 8d
0x000001a782491096:   15 e9 2b 03 00 0f 47 84 24 c0 00 00 00 33 c9 89
0x000001a7824910a6:   84 24 c0 00 00 00 e8 27 5f 00 00 8b 43 3c 44 8b
0x000001a7824910b6:   84 24 c0 00 00 00 8b 4b 38 41 bb 04 00 00 00 44
0x000001a7824910c6:   39 9c 24 c8 00 00 00 44 0f 42 9c 24 c8 00 00 00
0x000001a7824910d6:   33 d2 44 89 9c 24 c8 00 00 00 49 0f af c0 48 f7
0x000001a7824910e6:   f1 89 43 3c f6 05 43 b6 04 00 01 74 09 83 c0 03
0x000001a7824910f6:   83 e0 fc 89 43 3c 44 89 43 38 44 89 5b 6c 44 89
0x000001a782491106:   63 68 89 6b 64 44 8b 9b fc 00 00 00 41 0f ba e3
0x000001a782491116:   1f 0f 82 6a 05 00 00 44 8b 6b 38 8b 6b 44 44 8b
0x000001a782491126:   63 48 41 bf 03 00 00 00 48 8d 35 5b 2b 03 00 4c
0x000001a782491136:   8d 35 80 dc 02 00 44 39 3d bd 92 04 00 0f 8c 81
0x000001a782491146:   00 00 00 4c 8d 15 88 28 03 00 4c 8d 35 f5 2a 03
0x000001a782491156:   00 41 f6 c3 02 4d 8b ca 41 8b cc 4d 0f 45 ce e8 


Stack slot to memory mapping:
stack at sp + 0 slots: 0x000001a7db96d100 points into unknown readable memory: 6a 61 76 61 2e 6c 61 6e
stack at sp + 1 slots: 0x0000002800000003 is an unknown value
stack at sp + 2 slots: 0x000001a7db96c800 is a thread
stack at sp + 3 slots: 0x0000001671bfc700 is pointing into the stack for thread: 0x000001a7db96c800
stack at sp + 4 slots: {method} {0x000001a7852863d0} 'nalcCreateContext' '(JJ)J' in 'org/lwjgl/openal/ALC10'
stack at sp + 5 slots: 0x00007ffd191c6619 jvm.dll
stack at sp + 6 slots: 0x0 is NULL
stack at sp + 7 slots: 0x00000000000001f0 is an unknown value


---------------  P R O C E S S  ---------------

Threads class SMR info:
_java_thread_list=0x000001a78271fa10, length=14, elements={
0x000001a7db96c800, 0x000001a7ffad5000, 0x000001a7ffade000, 0x000001a7ffb28800,
0x000001a7ffb29800, 0x000001a7ffb2f000, 0x000001a7ffb3e800, 0x000001a7ffa26000,
0x000001a7ffcd6000, 0x000001a7ffcc7800, 0x000001a7ffd29800, 0x000001a780a54000,
0x000001a7ffcc5800, 0x000001a7ffcc8000
}

Java Threads: ( => current thread )
=>0x000001a7db96c800 JavaThread "main" [_thread_in_native, id=12656, stack(0x0000001671b00000,0x0000001671c00000)]
  0x000001a7ffad5000 JavaThread "Reference Handler" daemon [_thread_blocked, id=12392, stack(0x0000001672200000,0x0000001672300000)]
  0x000001a7ffade000 JavaThread "Finalizer" daemon [_thread_blocked, id=12092, stack(0x0000001672300000,0x0000001672400000)]
  0x000001a7ffb28800 JavaThread "Signal Dispatcher" daemon [_thread_blocked, id=13456, stack(0x0000001672400000,0x0000001672500000)]
  0x000001a7ffb29800 JavaThread "Attach Listener" daemon [_thread_blocked, id=16020, stack(0x0000001672500000,0x0000001672600000)]
  0x000001a7ffb2f000 JavaThread "C2 CompilerThread0" daemon [_thread_blocked, id=10336, stack(0x0000001672600000,0x0000001672700000)]
  0x000001a7ffb3e800 JavaThread "C1 CompilerThread0" daemon [_thread_blocked, id=12640, stack(0x0000001672700000,0x0000001672800000)]
  0x000001a7ffa26000 JavaThread "Sweeper thread" daemon [_thread_blocked, id=17168, stack(0x0000001672800000,0x0000001672900000)]
  0x000001a7ffcd6000 JavaThread "Service Thread" daemon [_thread_blocked, id=17636, stack(0x0000001672900000,0x0000001672a00000)]
  0x000001a7ffcc7800 JavaThread "Common-Cleaner" daemon [_thread_blocked, id=8656, stack(0x0000001672b00000,0x0000001672c00000)]
  0x000001a7ffd29800 JavaThread "C2 CompilerThread1" daemon [_thread_blocked, id=16360, stack(0x0000001672c00000,0x0000001672d00000)]
  0x000001a780a54000 JavaThread "C2 CompilerThread2" daemon [_thread_blocked, id=12104, stack(0x0000001672d00000,0x0000001672e00000)]
  0x000001a7ffcc5800 JavaThread "EMF Reference Cleaner" daemon [_thread_blocked, id=6216, stack(0x0000001673400000,0x0000001673500000)]
  0x000001a7ffcc8000 JavaThread "com.google.inject.internal.util.$Finalizer" daemon [_thread_blocked, id=1176, stack(0x0000001673500000,0x0000001673600000)]

Other Threads:
  0x000001a7ffa24000 VMThread "VM Thread" [stack: 0x0000001672100000,0x0000001672200000] [id=12504]
  0x000001a7ffcd7000 WatcherThread [stack: 0x0000001672a00000,0x0000001672b00000] [id=7464]
  0x000001a7db983800 GCTaskThread "GC Thread#0" [stack: 0x0000001671c00000,0x0000001671d00000] [id=8188]
  0x000001a781558800 GCTaskThread "GC Thread#1" [stack: 0x0000001672e00000,0x0000001672f00000] [id=15548]
  0x000001a7813b9000 GCTaskThread "GC Thread#2" [stack: 0x0000001672f00000,0x0000001673000000] [id=17656]
  0x000001a7816ec800 GCTaskThread "GC Thread#3" [stack: 0x0000001673000000,0x0000001673100000] [id=8520]
  0x000001a78180c800 GCTaskThread "GC Thread#4" [stack: 0x0000001673100000,0x0000001673200000] [id=10296]
  0x000001a7815eb000 GCTaskThread "GC Thread#5" [stack: 0x0000001673200000,0x0000001673300000] [id=8720]
  0x000001a7db9e5000 ConcurrentGCThread "G1 Main Marker" [stack: 0x0000001671d00000,0x0000001671e00000] [id=18908]
  0x000001a7db9e7000 ConcurrentGCThread "G1 Conc#0" [stack: 0x0000001671e00000,0x0000001671f00000] [id=16516]
  0x000001a781323800 ConcurrentGCThread "G1 Conc#1" [stack: 0x0000001673600000,0x0000001673700000] [id=5792]
  0x000001a7812a2000 ConcurrentGCThread "G1 Conc#2" [stack: 0x0000001673700000,0x0000001673800000] [id=12224]
  0x000001a7ff904000 ConcurrentGCThread "G1 Refine#0" [stack: 0x0000001671f00000,0x0000001672000000] [id=18376]
  0x000001a7808fb800 ConcurrentGCThread "G1 Refine#1" [stack: 0x0000001673300000,0x0000001673400000] [id=19320]
  0x000001a7ff906800 ConcurrentGCThread "G1 Young RemSet Sampling" [stack: 0x0000001672000000,0x0000001672100000] [id=11564]

Threads with active compile tasks:

VM state:not at safepoint (normal execution)

VM Mutex/Monitor currently owned by a thread: None

Heap address: 0x0000000701600000, size: 4074 MB, Compressed Oops mode: Zero based, Oop shift amount: 3
Narrow klass base: 0x0000000800000000, Narrow klass shift: 0
Compressed class space size: 1073741824 Address: 0x0000000800000000

Heap:
 garbage-first heap   total 262144K, used 54653K [0x0000000701600000, 0x0000000800000000)
  region size 1024K, 42 young (43008K), 6 survivors (6144K)
 Metaspace       used 26107K, capacity 26364K, committed 26368K, reserved 1073152K
  class space    used 2976K, capacity 3070K, committed 3072K, reserved 1048576K
Heap Regions: E=young(eden), S=young(survivor), O=old, HS=humongous(starts), HC=humongous(continues), CS=collection set, F=free, A=archive, TAMS=top-at-mark-start (previous, next)
|   0|0x0000000701600000, 0x0000000701700000, 0x0000000701700000|100%| O|  |TAMS 0x0000000701700000, 0x0000000701600000| Untracked 
|   1|0x0000000701700000, 0x0000000701800000, 0x0000000701800000|100%| O|  |TAMS 0x0000000701800000, 0x0000000701700000| Untracked 
|   2|0x0000000701800000, 0x0000000701900000, 0x0000000701900000|100%| O|  |TAMS 0x0000000701900000, 0x0000000701800000| Untracked 
|   3|0x0000000701900000, 0x0000000701a00000, 0x0000000701a00000|100%| O|  |TAMS 0x0000000701a00000, 0x0000000701900000| Untracked 
|   4|0x0000000701a00000, 0x0000000701b00000, 0x0000000701b00000|100%| O|  |TAMS 0x0000000701b00000, 0x0000000701a00000| Untracked 
|   5|0x0000000701b00000, 0x0000000701c00000, 0x0000000701c00000|100%| O|  |TAMS 0x0000000701c00000, 0x0000000701b00000| Untracked 
|   6|0x0000000701c00000, 0x0000000701d00000, 0x0000000701d00000|100%| O|  |TAMS 0x0000000701d00000, 0x0000000701c00000| Untracked 
|   7|0x0000000701d00000, 0x0000000701e00000, 0x0000000701e00000|100%| O|  |TAMS 0x0000000701e00000, 0x0000000701d00000| Untracked 
|   8|0x0000000701e00000, 0x0000000701f00000, 0x0000000701f00000|100%| O|  |TAMS 0x0000000701f00000, 0x0000000701e00000| Untracked 
|   9|0x0000000701f00000, 0x0000000701fd1400, 0x0000000702000000| 81%| O|  |TAMS 0x0000000701fd1400, 0x0000000701f00000| Untracked 
|  10|0x0000000702000000, 0x0000000702000000, 0x0000000702100000|  0%| F|  |TAMS 0x0000000702000000, 0x0000000702000000| Untracked 
|  11|0x0000000702100000, 0x0000000702100000, 0x0000000702200000|  0%| F|  |TAMS 0x0000000702100000, 0x0000000702100000| Untracked 
|  12|0x0000000702200000, 0x0000000702200000, 0x0000000702300000|  0%| F|  |TAMS 0x0000000702200000, 0x0000000702200000| Untracked 
|  13|0x0000000702300000, 0x0000000702400000, 0x0000000702400000|100%| O|  |TAMS 0x0000000702400000, 0x0000000702300000| Untracked 
|  14|0x0000000702400000, 0x0000000702500000, 0x0000000702500000|100%| O|  |TAMS 0x0000000702500000, 0x0000000702400000| Untracked 
|  15|0x0000000702500000, 0x0000000702600000, 0x0000000702600000|100%| O|  |TAMS 0x0000000702600000, 0x0000000702500000| Untracked 
|  16|0x0000000702600000, 0x0000000702600000, 0x0000000702700000|  0%| F|  |TAMS 0x0000000702600000, 0x0000000702600000| Untracked 
|  17|0x0000000702700000, 0x0000000702700000, 0x0000000702800000|  0%| F|  |TAMS 0x0000000702700000, 0x0000000702700000| Untracked 
|  18|0x0000000702800000, 0x0000000702800000, 0x0000000702900000|  0%| F|  |TAMS 0x0000000702800000, 0x0000000702800000| Untracked 
|  19|0x0000000702900000, 0x0000000702900000, 0x0000000702a00000|  0%| F|  |TAMS 0x0000000702900000, 0x0000000702900000| Untracked 
|  20|0x0000000702a00000, 0x0000000702a00000, 0x0000000702b00000|  0%| F|  |TAMS 0x0000000702a00000, 0x0000000702a00000| Untracked 
|  21|0x0000000702b00000, 0x0000000702b00000, 0x0000000702c00000|  0%| F|  |TAMS 0x0000000702b00000, 0x0000000702b00000| Untracked 
|  22|0x0000000702c00000, 0x0000000702c00000, 0x0000000702d00000|  0%| F|  |TAMS 0x0000000702c00000, 0x0000000702c00000| Untracked 
|  23|0x0000000702d00000, 0x0000000702d00000, 0x0000000702e00000|  0%| F|  |TAMS 0x0000000702d00000, 0x0000000702d00000| Untracked 
|  24|0x0000000702e00000, 0x0000000702e00000, 0x0000000702f00000|  0%| F|  |TAMS 0x0000000702e00000, 0x0000000702e00000| Untracked 
|  25|0x0000000702f00000, 0x0000000702f00000, 0x0000000703000000|  0%| F|  |TAMS 0x0000000702f00000, 0x0000000702f00000| Untracked 
|  26|0x0000000703000000, 0x0000000703000000, 0x0000000703100000|  0%| F|  |TAMS 0x0000000703000000, 0x0000000703000000| Untracked 
|  27|0x0000000703100000, 0x0000000703100000, 0x0000000703200000|  0%| F|  |TAMS 0x0000000703100000, 0x0000000703100000| Untracked 
|  28|0x0000000703200000, 0x0000000703200000, 0x0000000703300000|  0%| F|  |TAMS 0x0000000703200000, 0x0000000703200000| Untracked 
|  29|0x0000000703300000, 0x0000000703300000, 0x0000000703400000|  0%| F|  |TAMS 0x0000000703300000, 0x0000000703300000| Untracked 
|  30|0x0000000703400000, 0x0000000703400000, 0x0000000703500000|  0%| F|  |TAMS 0x0000000703400000, 0x0000000703400000| Untracked 
|  31|0x0000000703500000, 0x0000000703500000, 0x0000000703600000|  0%| F|  |TAMS 0x0000000703500000, 0x0000000703500000| Untracked 
|  32|0x0000000703600000, 0x0000000703600000, 0x0000000703700000|  0%| F|  |TAMS 0x0000000703600000, 0x0000000703600000| Untracked 
|  33|0x0000000703700000, 0x0000000703700000, 0x0000000703800000|  0%| F|  |TAMS 0x0000000703700000, 0x0000000703700000| Untracked 
|  34|0x0000000703800000, 0x0000000703800000, 0x0000000703900000|  0%| F|  |TAMS 0x0000000703800000, 0x0000000703800000| Untracked 
|  35|0x0000000703900000, 0x0000000703900000, 0x0000000703a00000|  0%| F|  |TAMS 0x0000000703900000, 0x0000000703900000| Untracked 
|  36|0x0000000703a00000, 0x0000000703a00000, 0x0000000703b00000|  0%| F|  |TAMS 0x0000000703a00000, 0x0000000703a00000| Untracked 
|  37|0x0000000703b00000, 0x0000000703b00000, 0x0000000703c00000|  0%| F|  |TAMS 0x0000000703b00000, 0x0000000703b00000| Untracked 
|  38|0x0000000703c00000, 0x0000000703c00000, 0x0000000703d00000|  0%| F|  |TAMS 0x0000000703c00000, 0x0000000703c00000| Untracked 
|  39|0x0000000703d00000, 0x0000000703d00000, 0x0000000703e00000|  0%| F|  |TAMS 0x0000000703d00000, 0x0000000703d00000| Untracked 
|  40|0x0000000703e00000, 0x0000000703e00000, 0x0000000703f00000|  0%| F|  |TAMS 0x0000000703e00000, 0x0000000703e00000| Untracked 
|  41|0x0000000703f00000, 0x0000000703f00000, 0x0000000704000000|  0%| F|  |TAMS 0x0000000703f00000, 0x0000000703f00000| Untracked 
|  42|0x0000000704000000, 0x0000000704000000, 0x0000000704100000|  0%| F|  |TAMS 0x0000000704000000, 0x0000000704000000| Untracked 
|  43|0x0000000704100000, 0x0000000704100000, 0x0000000704200000|  0%| F|  |TAMS 0x0000000704100000, 0x0000000704100000| Untracked 
|  44|0x0000000704200000, 0x0000000704200000, 0x0000000704300000|  0%| F|  |TAMS 0x0000000704200000, 0x0000000704200000| Untracked 
|  45|0x0000000704300000, 0x0000000704300000, 0x0000000704400000|  0%| F|  |TAMS 0x0000000704300000, 0x0000000704300000| Untracked 
|  46|0x0000000704400000, 0x0000000704400000, 0x0000000704500000|  0%| F|  |TAMS 0x0000000704400000, 0x0000000704400000| Untracked 
|  47|0x0000000704500000, 0x0000000704500000, 0x0000000704600000|  0%| F|  |TAMS 0x0000000704500000, 0x0000000704500000| Untracked 
|  48|0x0000000704600000, 0x0000000704600000, 0x0000000704700000|  0%| F|  |TAMS 0x0000000704600000, 0x0000000704600000| Untracked 
|  49|0x0000000704700000, 0x0000000704700000, 0x0000000704800000|  0%| F|  |TAMS 0x0000000704700000, 0x0000000704700000| Untracked 
|  50|0x0000000704800000, 0x0000000704800000, 0x0000000704900000|  0%| F|  |TAMS 0x0000000704800000, 0x0000000704800000| Untracked 
|  51|0x0000000704900000, 0x0000000704900000, 0x0000000704a00000|  0%| F|  |TAMS 0x0000000704900000, 0x0000000704900000| Untracked 
|  52|0x0000000704a00000, 0x0000000704a00000, 0x0000000704b00000|  0%| F|  |TAMS 0x0000000704a00000, 0x0000000704a00000| Untracked 
|  53|0x0000000704b00000, 0x0000000704b00000, 0x0000000704c00000|  0%| F|  |TAMS 0x0000000704b00000, 0x0000000704b00000| Untracked 
|  54|0x0000000704c00000, 0x0000000704c00000, 0x0000000704d00000|  0%| F|  |TAMS 0x0000000704c00000, 0x0000000704c00000| Untracked 
|  55|0x0000000704d00000, 0x0000000704d00000, 0x0000000704e00000|  0%| F|  |TAMS 0x0000000704d00000, 0x0000000704d00000| Untracked 
|  56|0x0000000704e00000, 0x0000000704e00000, 0x0000000704f00000|  0%| F|  |TAMS 0x0000000704e00000, 0x0000000704e00000| Untracked 
|  57|0x0000000704f00000, 0x0000000704f00000, 0x0000000705000000|  0%| F|  |TAMS 0x0000000704f00000, 0x0000000704f00000| Untracked 
|  58|0x0000000705000000, 0x0000000705000000, 0x0000000705100000|  0%| F|  |TAMS 0x0000000705000000, 0x0000000705000000| Untracked 
|  59|0x0000000705100000, 0x0000000705100000, 0x0000000705200000|  0%| F|  |TAMS 0x0000000705100000, 0x0000000705100000| Untracked 
|  60|0x0000000705200000, 0x0000000705200000, 0x0000000705300000|  0%| F|  |TAMS 0x0000000705200000, 0x0000000705200000| Untracked 
|  61|0x0000000705300000, 0x0000000705300000, 0x0000000705400000|  0%| F|  |TAMS 0x0000000705300000, 0x0000000705300000| Untracked 
|  62|0x0000000705400000, 0x0000000705400000, 0x0000000705500000|  0%| F|  |TAMS 0x0000000705400000, 0x0000000705400000| Untracked 
|  63|0x0000000705500000, 0x0000000705500000, 0x0000000705600000|  0%| F|  |TAMS 0x0000000705500000, 0x0000000705500000| Untracked 
|  64|0x0000000705600000, 0x0000000705600000, 0x0000000705700000|  0%| F|  |TAMS 0x0000000705600000, 0x0000000705600000| Untracked 
|  65|0x0000000705700000, 0x0000000705700000, 0x0000000705800000|  0%| F|  |TAMS 0x0000000705700000, 0x0000000705700000| Untracked 
|  66|0x0000000705800000, 0x0000000705800000, 0x0000000705900000|  0%| F|  |TAMS 0x0000000705800000, 0x0000000705800000| Untracked 
|  67|0x0000000705900000, 0x0000000705900000, 0x0000000705a00000|  0%| F|  |TAMS 0x0000000705900000, 0x0000000705900000| Untracked 
|  68|0x0000000705a00000, 0x0000000705a00000, 0x0000000705b00000|  0%| F|  |TAMS 0x0000000705a00000, 0x0000000705a00000| Untracked 
|  69|0x0000000705b00000, 0x0000000705b00000, 0x0000000705c00000|  0%| F|  |TAMS 0x0000000705b00000, 0x0000000705b00000| Untracked 
|  70|0x0000000705c00000, 0x0000000705c00000, 0x0000000705d00000|  0%| F|  |TAMS 0x0000000705c00000, 0x0000000705c00000| Untracked 
|  71|0x0000000705d00000, 0x0000000705d00000, 0x0000000705e00000|  0%| F|  |TAMS 0x0000000705d00000, 0x0000000705d00000| Untracked 
|  72|0x0000000705e00000, 0x0000000705e00000, 0x0000000705f00000|  0%| F|  |TAMS 0x0000000705e00000, 0x0000000705e00000| Untracked 
|  73|0x0000000705f00000, 0x0000000705f00000, 0x0000000706000000|  0%| F|  |TAMS 0x0000000705f00000, 0x0000000705f00000| Untracked 
|  74|0x0000000706000000, 0x0000000706000000, 0x0000000706100000|  0%| F|  |TAMS 0x0000000706000000, 0x0000000706000000| Untracked 
|  75|0x0000000706100000, 0x0000000706100000, 0x0000000706200000|  0%| F|  |TAMS 0x0000000706100000, 0x0000000706100000| Untracked 
|  76|0x0000000706200000, 0x0000000706200000, 0x0000000706300000|  0%| F|  |TAMS 0x0000000706200000, 0x0000000706200000| Untracked 
|  77|0x0000000706300000, 0x0000000706300000, 0x0000000706400000|  0%| F|  |TAMS 0x0000000706300000, 0x0000000706300000| Untracked 
|  78|0x0000000706400000, 0x0000000706400000, 0x0000000706500000|  0%| F|  |TAMS 0x0000000706400000, 0x0000000706400000| Untracked 
|  79|0x0000000706500000, 0x0000000706500000, 0x0000000706600000|  0%| F|  |TAMS 0x0000000706500000, 0x0000000706500000| Untracked 
|  80|0x0000000706600000, 0x0000000706600000, 0x0000000706700000|  0%| F|  |TAMS 0x0000000706600000, 0x0000000706600000| Untracked 
|  81|0x0000000706700000, 0x0000000706700000, 0x0000000706800000|  0%| F|  |TAMS 0x0000000706700000, 0x0000000706700000| Untracked 
|  82|0x0000000706800000, 0x0000000706800000, 0x0000000706900000|  0%| F|  |TAMS 0x0000000706800000, 0x0000000706800000| Untracked 
|  83|0x0000000706900000, 0x0000000706900000, 0x0000000706a00000|  0%| F|  |TAMS 0x0000000706900000, 0x0000000706900000| Untracked 
|  84|0x0000000706a00000, 0x0000000706a00000, 0x0000000706b00000|  0%| F|  |TAMS 0x0000000706a00000, 0x0000000706a00000| Untracked 
|  85|0x0000000706b00000, 0x0000000706b00000, 0x0000000706c00000|  0%| F|  |TAMS 0x0000000706b00000, 0x0000000706b00000| Untracked 
|  86|0x0000000706c00000, 0x0000000706c00000, 0x0000000706d00000|  0%| F|  |TAMS 0x0000000706c00000, 0x0000000706c00000| Untracked 
|  87|0x0000000706d00000, 0x0000000706d00000, 0x0000000706e00000|  0%| F|  |TAMS 0x0000000706d00000, 0x0000000706d00000| Untracked 
|  88|0x0000000706e00000, 0x0000000706e00000, 0x0000000706f00000|  0%| F|  |TAMS 0x0000000706e00000, 0x0000000706e00000| Untracked 
|  89|0x0000000706f00000, 0x0000000706f00000, 0x0000000707000000|  0%| F|  |TAMS 0x0000000706f00000, 0x0000000706f00000| Untracked 
|  90|0x0000000707000000, 0x0000000707000000, 0x0000000707100000|  0%| F|  |TAMS 0x0000000707000000, 0x0000000707000000| Untracked 
|  91|0x0000000707100000, 0x0000000707100000, 0x0000000707200000|  0%| F|  |TAMS 0x0000000707100000, 0x0000000707100000| Untracked 
|  92|0x0000000707200000, 0x0000000707200000, 0x0000000707300000|  0%| F|  |TAMS 0x0000000707200000, 0x0000000707200000| Untracked 
|  93|0x0000000707300000, 0x0000000707300000, 0x0000000707400000|  0%| F|  |TAMS 0x0000000707300000, 0x0000000707300000| Untracked 
|  94|0x0000000707400000, 0x0000000707400000, 0x0000000707500000|  0%| F|  |TAMS 0x0000000707400000, 0x0000000707400000| Untracked 
|  95|0x0000000707500000, 0x0000000707500000, 0x0000000707600000|  0%| F|  |TAMS 0x0000000707500000, 0x0000000707500000| Untracked 
|  96|0x0000000707600000, 0x0000000707600000, 0x0000000707700000|  0%| F|  |TAMS 0x0000000707600000, 0x0000000707600000| Untracked 
|  97|0x0000000707700000, 0x0000000707700000, 0x0000000707800000|  0%| F|  |TAMS 0x0000000707700000, 0x0000000707700000| Untracked 
|  98|0x0000000707800000, 0x0000000707800000, 0x0000000707900000|  0%| F|  |TAMS 0x0000000707800000, 0x0000000707800000| Untracked 
|  99|0x0000000707900000, 0x0000000707900000, 0x0000000707a00000|  0%| F|  |TAMS 0x0000000707900000, 0x0000000707900000| Untracked 
| 100|0x0000000707a00000, 0x0000000707a00000, 0x0000000707b00000|  0%| F|  |TAMS 0x0000000707a00000, 0x0000000707a00000| Untracked 
| 101|0x0000000707b00000, 0x0000000707b00000, 0x0000000707c00000|  0%| F|  |TAMS 0x0000000707b00000, 0x0000000707b00000| Untracked 
| 102|0x0000000707c00000, 0x0000000707c00000, 0x0000000707d00000|  0%| F|  |TAMS 0x0000000707c00000, 0x0000000707c00000| Untracked 
| 103|0x0000000707d00000, 0x0000000707d00000, 0x0000000707e00000|  0%| F|  |TAMS 0x0000000707d00000, 0x0000000707d00000| Untracked 
| 104|0x0000000707e00000, 0x0000000707e00000, 0x0000000707f00000|  0%| F|  |TAMS 0x0000000707e00000, 0x0000000707e00000| Untracked 
| 105|0x0000000707f00000, 0x0000000707f00000, 0x0000000708000000|  0%| F|  |TAMS 0x0000000707f00000, 0x0000000707f00000| Untracked 
| 106|0x0000000708000000, 0x0000000708000000, 0x0000000708100000|  0%| F|  |TAMS 0x0000000708000000, 0x0000000708000000| Untracked 
| 107|0x0000000708100000, 0x0000000708100000, 0x0000000708200000|  0%| F|  |TAMS 0x0000000708100000, 0x0000000708100000| Untracked 
| 108|0x0000000708200000, 0x0000000708200000, 0x0000000708300000|  0%| F|  |TAMS 0x0000000708200000, 0x0000000708200000| Untracked 
| 109|0x0000000708300000, 0x0000000708300000, 0x0000000708400000|  0%| F|  |TAMS 0x0000000708300000, 0x0000000708300000| Untracked 
| 110|0x0000000708400000, 0x0000000708400000, 0x0000000708500000|  0%| F|  |TAMS 0x0000000708400000, 0x0000000708400000| Untracked 
| 111|0x0000000708500000, 0x0000000708500000, 0x0000000708600000|  0%| F|  |TAMS 0x0000000708500000, 0x0000000708500000| Untracked 
| 112|0x0000000708600000, 0x0000000708600000, 0x0000000708700000|  0%| F|  |TAMS 0x0000000708600000, 0x0000000708600000| Untracked 
| 113|0x0000000708700000, 0x0000000708700000, 0x0000000708800000|  0%| F|  |TAMS 0x0000000708700000, 0x0000000708700000| Untracked 
| 114|0x0000000708800000, 0x0000000708800000, 0x0000000708900000|  0%| F|  |TAMS 0x0000000708800000, 0x0000000708800000| Untracked 
| 115|0x0000000708900000, 0x0000000708900000, 0x0000000708a00000|  0%| F|  |TAMS 0x0000000708900000, 0x0000000708900000| Untracked 
| 116|0x0000000708a00000, 0x0000000708a00000, 0x0000000708b00000|  0%| F|  |TAMS 0x0000000708a00000, 0x0000000708a00000| Untracked 
| 117|0x0000000708b00000, 0x0000000708b00000, 0x0000000708c00000|  0%| F|  |TAMS 0x0000000708b00000, 0x0000000708b00000| Untracked 
| 118|0x0000000708c00000, 0x0000000708c00000, 0x0000000708d00000|  0%| F|  |TAMS 0x0000000708c00000, 0x0000000708c00000| Untracked 
| 119|0x0000000708d00000, 0x0000000708d00000, 0x0000000708e00000|  0%| F|  |TAMS 0x0000000708d00000, 0x0000000708d00000| Untracked 
| 120|0x0000000708e00000, 0x0000000708e00000, 0x0000000708f00000|  0%| F|  |TAMS 0x0000000708e00000, 0x0000000708e00000| Untracked 
| 121|0x0000000708f00000, 0x0000000708f00000, 0x0000000709000000|  0%| F|  |TAMS 0x0000000708f00000, 0x0000000708f00000| Untracked 
| 122|0x0000000709000000, 0x0000000709000000, 0x0000000709100000|  0%| F|  |TAMS 0x0000000709000000, 0x0000000709000000| Untracked 
| 123|0x0000000709100000, 0x0000000709100000, 0x0000000709200000|  0%| F|  |TAMS 0x0000000709100000, 0x0000000709100000| Untracked 
| 124|0x0000000709200000, 0x0000000709200000, 0x0000000709300000|  0%| F|  |TAMS 0x0000000709200000, 0x0000000709200000| Untracked 
| 125|0x0000000709300000, 0x0000000709300000, 0x0000000709400000|  0%| F|  |TAMS 0x0000000709300000, 0x0000000709300000| Untracked 
| 126|0x0000000709400000, 0x0000000709400000, 0x0000000709500000|  0%| F|  |TAMS 0x0000000709400000, 0x0000000709400000| Untracked 
| 127|0x0000000709500000, 0x0000000709500000, 0x0000000709600000|  0%| F|  |TAMS 0x0000000709500000, 0x0000000709500000| Untracked 
| 128|0x0000000709600000, 0x0000000709600000, 0x0000000709700000|  0%| F|  |TAMS 0x0000000709600000, 0x0000000709600000| Untracked 
| 129|0x0000000709700000, 0x0000000709700000, 0x0000000709800000|  0%| F|  |TAMS 0x0000000709700000, 0x0000000709700000| Untracked 
| 130|0x0000000709800000, 0x0000000709800000, 0x0000000709900000|  0%| F|  |TAMS 0x0000000709800000, 0x0000000709800000| Untracked 
| 131|0x0000000709900000, 0x0000000709900000, 0x0000000709a00000|  0%| F|  |TAMS 0x0000000709900000, 0x0000000709900000| Untracked 
| 132|0x0000000709a00000, 0x0000000709a00000, 0x0000000709b00000|  0%| F|  |TAMS 0x0000000709a00000, 0x0000000709a00000| Untracked 
| 133|0x0000000709b00000, 0x0000000709b00000, 0x0000000709c00000|  0%| F|  |TAMS 0x0000000709b00000, 0x0000000709b00000| Untracked 
| 134|0x0000000709c00000, 0x0000000709c00000, 0x0000000709d00000|  0%| F|  |TAMS 0x0000000709c00000, 0x0000000709c00000| Untracked 
| 135|0x0000000709d00000, 0x0000000709d00000, 0x0000000709e00000|  0%| F|  |TAMS 0x0000000709d00000, 0x0000000709d00000| Untracked 
| 136|0x0000000709e00000, 0x0000000709e00000, 0x0000000709f00000|  0%| F|  |TAMS 0x0000000709e00000, 0x0000000709e00000| Untracked 
| 137|0x0000000709f00000, 0x0000000709f00000, 0x000000070a000000|  0%| F|  |TAMS 0x0000000709f00000, 0x0000000709f00000| Untracked 
| 138|0x000000070a000000, 0x000000070a000000, 0x000000070a100000|  0%| F|  |TAMS 0x000000070a000000, 0x000000070a000000| Untracked 
| 139|0x000000070a100000, 0x000000070a100000, 0x000000070a200000|  0%| F|  |TAMS 0x000000070a100000, 0x000000070a100000| Untracked 
| 140|0x000000070a200000, 0x000000070a200000, 0x000000070a300000|  0%| F|  |TAMS 0x000000070a200000, 0x000000070a200000| Untracked 
| 141|0x000000070a300000, 0x000000070a300000, 0x000000070a400000|  0%| F|  |TAMS 0x000000070a300000, 0x000000070a300000| Untracked 
| 142|0x000000070a400000, 0x000000070a400000, 0x000000070a500000|  0%| F|  |TAMS 0x000000070a400000, 0x000000070a400000| Untracked 
| 143|0x000000070a500000, 0x000000070a500000, 0x000000070a600000|  0%| F|  |TAMS 0x000000070a500000, 0x000000070a500000| Untracked 
| 144|0x000000070a600000, 0x000000070a600000, 0x000000070a700000|  0%| F|  |TAMS 0x000000070a600000, 0x000000070a600000| Untracked 
| 145|0x000000070a700000, 0x000000070a700000, 0x000000070a800000|  0%| F|  |TAMS 0x000000070a700000, 0x000000070a700000| Untracked 
| 146|0x000000070a800000, 0x000000070a800000, 0x000000070a900000|  0%| F|  |TAMS 0x000000070a800000, 0x000000070a800000| Untracked 
| 147|0x000000070a900000, 0x000000070a900000, 0x000000070aa00000|  0%| F|  |TAMS 0x000000070a900000, 0x000000070a900000| Untracked 
| 148|0x000000070aa00000, 0x000000070aa00000, 0x000000070ab00000|  0%| F|  |TAMS 0x000000070aa00000, 0x000000070aa00000| Untracked 
| 149|0x000000070ab00000, 0x000000070ab00000, 0x000000070ac00000|  0%| F|  |TAMS 0x000000070ab00000, 0x000000070ab00000| Untracked 
| 150|0x000000070ac00000, 0x000000070ac00000, 0x000000070ad00000|  0%| F|  |TAMS 0x000000070ac00000, 0x000000070ac00000| Untracked 
| 151|0x000000070ad00000, 0x000000070ad00000, 0x000000070ae00000|  0%| F|  |TAMS 0x000000070ad00000, 0x000000070ad00000| Untracked 
| 152|0x000000070ae00000, 0x000000070ae00000, 0x000000070af00000|  0%| F|  |TAMS 0x000000070ae00000, 0x000000070ae00000| Untracked 
| 153|0x000000070af00000, 0x000000070af00000, 0x000000070b000000|  0%| F|  |TAMS 0x000000070af00000, 0x000000070af00000| Untracked 
| 154|0x000000070b000000, 0x000000070b000000, 0x000000070b100000|  0%| F|  |TAMS 0x000000070b000000, 0x000000070b000000| Untracked 
| 155|0x000000070b100000, 0x000000070b100000, 0x000000070b200000|  0%| F|  |TAMS 0x000000070b100000, 0x000000070b100000| Untracked 
| 156|0x000000070b200000, 0x000000070b200000, 0x000000070b300000|  0%| F|  |TAMS 0x000000070b200000, 0x000000070b200000| Untracked 
| 157|0x000000070b300000, 0x000000070b300000, 0x000000070b400000|  0%| F|  |TAMS 0x000000070b300000, 0x000000070b300000| Untracked 
| 158|0x000000070b400000, 0x000000070b400000, 0x000000070b500000|  0%| F|  |TAMS 0x000000070b400000, 0x000000070b400000| Untracked 
| 159|0x000000070b500000, 0x000000070b500000, 0x000000070b600000|  0%| F|  |TAMS 0x000000070b500000, 0x000000070b500000| Untracked 
| 160|0x000000070b600000, 0x000000070b600000, 0x000000070b700000|  0%| F|  |TAMS 0x000000070b600000, 0x000000070b600000| Untracked 
| 161|0x000000070b700000, 0x000000070b700000, 0x000000070b800000|  0%| F|  |TAMS 0x000000070b700000, 0x000000070b700000| Untracked 
| 162|0x000000070b800000, 0x000000070b800000, 0x000000070b900000|  0%| F|  |TAMS 0x000000070b800000, 0x000000070b800000| Untracked 
| 163|0x000000070b900000, 0x000000070b900000, 0x000000070ba00000|  0%| F|  |TAMS 0x000000070b900000, 0x000000070b900000| Untracked 
| 164|0x000000070ba00000, 0x000000070ba00000, 0x000000070bb00000|  0%| F|  |TAMS 0x000000070ba00000, 0x000000070ba00000| Untracked 
| 165|0x000000070bb00000, 0x000000070bb00000, 0x000000070bc00000|  0%| F|  |TAMS 0x000000070bb00000, 0x000000070bb00000| Untracked 
| 166|0x000000070bc00000, 0x000000070bc00000, 0x000000070bd00000|  0%| F|  |TAMS 0x000000070bc00000, 0x000000070bc00000| Untracked 
| 167|0x000000070bd00000, 0x000000070bd00000, 0x000000070be00000|  0%| F|  |TAMS 0x000000070bd00000, 0x000000070bd00000| Untracked 
| 168|0x000000070be00000, 0x000000070be00000, 0x000000070bf00000|  0%| F|  |TAMS 0x000000070be00000, 0x000000070be00000| Untracked 
| 169|0x000000070bf00000, 0x000000070bf00000, 0x000000070c000000|  0%| F|  |TAMS 0x000000070bf00000, 0x000000070bf00000| Untracked 
| 170|0x000000070c000000, 0x000000070c000000, 0x000000070c100000|  0%| F|  |TAMS 0x000000070c000000, 0x000000070c000000| Untracked 
| 171|0x000000070c100000, 0x000000070c100000, 0x000000070c200000|  0%| F|  |TAMS 0x000000070c100000, 0x000000070c100000| Untracked 
| 172|0x000000070c200000, 0x000000070c200000, 0x000000070c300000|  0%| F|  |TAMS 0x000000070c200000, 0x000000070c200000| Untracked 
| 173|0x000000070c300000, 0x000000070c300000, 0x000000070c400000|  0%| F|  |TAMS 0x000000070c300000, 0x000000070c300000| Untracked 
| 174|0x000000070c400000, 0x000000070c400000, 0x000000070c500000|  0%| F|  |TAMS 0x000000070c400000, 0x000000070c400000| Untracked 
| 175|0x000000070c500000, 0x000000070c500000, 0x000000070c600000|  0%| F|  |TAMS 0x000000070c500000, 0x000000070c500000| Untracked 
| 176|0x000000070c600000, 0x000000070c600000, 0x000000070c700000|  0%| F|  |TAMS 0x000000070c600000, 0x000000070c600000| Untracked 
| 177|0x000000070c700000, 0x000000070c700000, 0x000000070c800000|  0%| F|  |TAMS 0x000000070c700000, 0x000000070c700000| Untracked 
| 178|0x000000070c800000, 0x000000070c800000, 0x000000070c900000|  0%| F|  |TAMS 0x000000070c800000, 0x000000070c800000| Untracked 
| 179|0x000000070c900000, 0x000000070c900000, 0x000000070ca00000|  0%| F|  |TAMS 0x000000070c900000, 0x000000070c900000| Untracked 
| 180|0x000000070ca00000, 0x000000070ca00000, 0x000000070cb00000|  0%| F|  |TAMS 0x000000070ca00000, 0x000000070ca00000| Untracked 
| 181|0x000000070cb00000, 0x000000070cb00000, 0x000000070cc00000|  0%| F|  |TAMS 0x000000070cb00000, 0x000000070cb00000| Untracked 
| 182|0x000000070cc00000, 0x000000070cc00000, 0x000000070cd00000|  0%| F|  |TAMS 0x000000070cc00000, 0x000000070cc00000| Untracked 
| 183|0x000000070cd00000, 0x000000070cd00000, 0x000000070ce00000|  0%| F|  |TAMS 0x000000070cd00000, 0x000000070cd00000| Untracked 
| 184|0x000000070ce00000, 0x000000070ce00000, 0x000000070cf00000|  0%| F|  |TAMS 0x000000070ce00000, 0x000000070ce00000| Untracked 
| 185|0x000000070cf00000, 0x000000070cf00000, 0x000000070d000000|  0%| F|  |TAMS 0x000000070cf00000, 0x000000070cf00000| Untracked 
| 186|0x000000070d000000, 0x000000070d000000, 0x000000070d100000|  0%| F|  |TAMS 0x000000070d000000, 0x000000070d000000| Untracked 
| 187|0x000000070d100000, 0x000000070d100000, 0x000000070d200000|  0%| F|  |TAMS 0x000000070d100000, 0x000000070d100000| Untracked 
| 188|0x000000070d200000, 0x000000070d200000, 0x000000070d300000|  0%| F|  |TAMS 0x000000070d200000, 0x000000070d200000| Untracked 
| 189|0x000000070d300000, 0x000000070d300000, 0x000000070d400000|  0%| F|  |TAMS 0x000000070d300000, 0x000000070d300000| Untracked 
| 190|0x000000070d400000, 0x000000070d400000, 0x000000070d500000|  0%| F|  |TAMS 0x000000070d400000, 0x000000070d400000| Untracked 
| 191|0x000000070d500000, 0x000000070d500000, 0x000000070d600000|  0%| F|  |TAMS 0x000000070d500000, 0x000000070d500000| Untracked 
| 192|0x000000070d600000, 0x000000070d600000, 0x000000070d700000|  0%| F|  |TAMS 0x000000070d600000, 0x000000070d600000| Untracked 
| 193|0x000000070d700000, 0x000000070d700000, 0x000000070d800000|  0%| F|  |TAMS 0x000000070d700000, 0x000000070d700000| Untracked 
| 194|0x000000070d800000, 0x000000070d800000, 0x000000070d900000|  0%| F|  |TAMS 0x000000070d800000, 0x000000070d800000| Untracked 
| 195|0x000000070d900000, 0x000000070d900000, 0x000000070da00000|  0%| F|  |TAMS 0x000000070d900000, 0x000000070d900000| Untracked 
| 196|0x000000070da00000, 0x000000070da00000, 0x000000070db00000|  0%| F|  |TAMS 0x000000070da00000, 0x000000070da00000| Untracked 
| 197|0x000000070db00000, 0x000000070db00000, 0x000000070dc00000|  0%| F|  |TAMS 0x000000070db00000, 0x000000070db00000| Untracked 
| 198|0x000000070dc00000, 0x000000070dc00000, 0x000000070dd00000|  0%| F|  |TAMS 0x000000070dc00000, 0x000000070dc00000| Untracked 
| 199|0x000000070dd00000, 0x000000070dd00000, 0x000000070de00000|  0%| F|  |TAMS 0x000000070dd00000, 0x000000070dd00000| Untracked 
| 200|0x000000070de00000, 0x000000070de00000, 0x000000070df00000|  0%| F|  |TAMS 0x000000070de00000, 0x000000070de00000| Untracked 
| 201|0x000000070df00000, 0x000000070df00000, 0x000000070e000000|  0%| F|  |TAMS 0x000000070df00000, 0x000000070df00000| Untracked 
| 202|0x000000070e000000, 0x000000070e000000, 0x000000070e100000|  0%| F|  |TAMS 0x000000070e000000, 0x000000070e000000| Untracked 
| 203|0x000000070e100000, 0x000000070e100000, 0x000000070e200000|  0%| F|  |TAMS 0x000000070e100000, 0x000000070e100000| Untracked 
| 204|0x000000070e200000, 0x000000070e200000, 0x000000070e300000|  0%| F|  |TAMS 0x000000070e200000, 0x000000070e200000| Untracked 
| 205|0x000000070e300000, 0x000000070e300000, 0x000000070e400000|  0%| F|  |TAMS 0x000000070e300000, 0x000000070e300000| Untracked 
| 206|0x000000070e400000, 0x000000070e400000, 0x000000070e500000|  0%| F|  |TAMS 0x000000070e400000, 0x000000070e400000| Untracked 
| 207|0x000000070e500000, 0x000000070e500000, 0x000000070e600000|  0%| F|  |TAMS 0x000000070e500000, 0x000000070e500000| Untracked 
| 208|0x000000070e600000, 0x000000070e600000, 0x000000070e700000|  0%| F|  |TAMS 0x000000070e600000, 0x000000070e600000| Untracked 
| 209|0x000000070e700000, 0x000000070e700000, 0x000000070e800000|  0%| F|  |TAMS 0x000000070e700000, 0x000000070e700000| Untracked 
| 210|0x000000070e800000, 0x000000070e800000, 0x000000070e900000|  0%| F|  |TAMS 0x000000070e800000, 0x000000070e800000| Untracked 
| 211|0x000000070e900000, 0x000000070e900000, 0x000000070ea00000|  0%| F|  |TAMS 0x000000070e900000, 0x000000070e900000| Untracked 
| 212|0x000000070ea00000, 0x000000070ea00000, 0x000000070eb00000|  0%| F|  |TAMS 0x000000070ea00000, 0x000000070ea00000| Untracked 
| 213|0x000000070eb00000, 0x000000070eb00000, 0x000000070ec00000|  0%| F|  |TAMS 0x000000070eb00000, 0x000000070eb00000| Untracked 
| 214|0x000000070ec00000, 0x000000070ec80800, 0x000000070ed00000| 50%| E|  |TAMS 0x000000070ec00000, 0x000000070ec00000| Complete 
| 215|0x000000070ed00000, 0x000000070ee00000, 0x000000070ee00000|100%| E|CS|TAMS 0x000000070ed00000, 0x000000070ed00000| Complete 
| 216|0x000000070ee00000, 0x000000070ef00000, 0x000000070ef00000|100%| E|CS|TAMS 0x000000070ee00000, 0x000000070ee00000| Complete 
| 217|0x000000070ef00000, 0x000000070f000000, 0x000000070f000000|100%| E|CS|TAMS 0x000000070ef00000, 0x000000070ef00000| Complete 
| 218|0x000000070f000000, 0x000000070f100000, 0x000000070f100000|100%| E|CS|TAMS 0x000000070f000000, 0x000000070f000000| Complete 
| 219|0x000000070f100000, 0x000000070f200000, 0x000000070f200000|100%| E|CS|TAMS 0x000000070f100000, 0x000000070f100000| Complete 
| 220|0x000000070f200000, 0x000000070f300000, 0x000000070f300000|100%| E|CS|TAMS 0x000000070f200000, 0x000000070f200000| Complete 
| 221|0x000000070f300000, 0x000000070f400000, 0x000000070f400000|100%| E|CS|TAMS 0x000000070f300000, 0x000000070f300000| Complete 
| 222|0x000000070f400000, 0x000000070f500000, 0x000000070f500000|100%| E|CS|TAMS 0x000000070f400000, 0x000000070f400000| Complete 
| 223|0x000000070f500000, 0x000000070f600000, 0x000000070f600000|100%| E|CS|TAMS 0x000000070f500000, 0x000000070f500000| Complete 
| 224|0x000000070f600000, 0x000000070f700000, 0x000000070f700000|100%| E|CS|TAMS 0x000000070f600000, 0x000000070f600000| Complete 
| 225|0x000000070f700000, 0x000000070f800000, 0x000000070f800000|100%| E|CS|TAMS 0x000000070f700000, 0x000000070f700000| Complete 
| 226|0x000000070f800000, 0x000000070f900000, 0x000000070f900000|100%| E|CS|TAMS 0x000000070f800000, 0x000000070f800000| Complete 
| 227|0x000000070f900000, 0x000000070fa00000, 0x000000070fa00000|100%| E|CS|TAMS 0x000000070f900000, 0x000000070f900000| Complete 
| 228|0x000000070fa00000, 0x000000070fb00000, 0x000000070fb00000|100%| E|CS|TAMS 0x000000070fa00000, 0x000000070fa00000| Complete 
| 229|0x000000070fb00000, 0x000000070fc00000, 0x000000070fc00000|100%| E|CS|TAMS 0x000000070fb00000, 0x000000070fb00000| Complete 
| 230|0x000000070fc00000, 0x000000070fd00000, 0x000000070fd00000|100%| E|CS|TAMS 0x000000070fc00000, 0x000000070fc00000| Complete 
| 231|0x000000070fd00000, 0x000000070fe00000, 0x000000070fe00000|100%| E|CS|TAMS 0x000000070fd00000, 0x000000070fd00000| Complete 
| 232|0x000000070fe00000, 0x000000070ff00000, 0x000000070ff00000|100%| E|CS|TAMS 0x000000070fe00000, 0x000000070fe00000| Complete 
| 233|0x000000070ff00000, 0x000000070ff8e2e0, 0x0000000710000000| 55%| S|CS|TAMS 0x000000070ff00000, 0x000000070ff00000| Complete 
| 234|0x0000000710000000, 0x0000000710100000, 0x0000000710100000|100%| S|CS|TAMS 0x0000000710000000, 0x0000000710000000| Complete 
| 235|0x0000000710100000, 0x0000000710200000, 0x0000000710200000|100%| S|CS|TAMS 0x0000000710100000, 0x0000000710100000| Complete 
| 236|0x0000000710200000, 0x0000000710300000, 0x0000000710300000|100%| S|CS|TAMS 0x0000000710200000, 0x0000000710200000| Complete 
| 237|0x0000000710300000, 0x0000000710400000, 0x0000000710400000|100%| S|CS|TAMS 0x0000000710300000, 0x0000000710300000| Complete 
| 238|0x0000000710400000, 0x0000000710500000, 0x0000000710500000|100%| S|CS|TAMS 0x0000000710400000, 0x0000000710400000| Complete 
| 239|0x0000000710500000, 0x0000000710600000, 0x0000000710600000|100%| E|CS|TAMS 0x0000000710500000, 0x0000000710500000| Complete 
| 240|0x0000000710600000, 0x0000000710700000, 0x0000000710700000|100%| E|CS|TAMS 0x0000000710600000, 0x0000000710600000| Complete 
| 241|0x0000000710700000, 0x0000000710800000, 0x0000000710800000|100%| E|CS|TAMS 0x0000000710700000, 0x0000000710700000| Complete 
| 242|0x0000000710800000, 0x0000000710900000, 0x0000000710900000|100%| E|CS|TAMS 0x0000000710800000, 0x0000000710800000| Complete 
| 243|0x0000000710900000, 0x0000000710a00000, 0x0000000710a00000|100%| E|CS|TAMS 0x0000000710900000, 0x0000000710900000| Complete 
| 244|0x0000000710a00000, 0x0000000710b00000, 0x0000000710b00000|100%| E|CS|TAMS 0x0000000710a00000, 0x0000000710a00000| Complete 
| 245|0x0000000710b00000, 0x0000000710c00000, 0x0000000710c00000|100%| E|CS|TAMS 0x0000000710b00000, 0x0000000710b00000| Complete 
| 246|0x0000000710c00000, 0x0000000710d00000, 0x0000000710d00000|100%| E|CS|TAMS 0x0000000710c00000, 0x0000000710c00000| Complete 
| 247|0x0000000710d00000, 0x0000000710e00000, 0x0000000710e00000|100%| E|CS|TAMS 0x0000000710d00000, 0x0000000710d00000| Complete 
| 248|0x0000000710e00000, 0x0000000710f00000, 0x0000000710f00000|100%| E|CS|TAMS 0x0000000710e00000, 0x0000000710e00000| Complete 
| 249|0x0000000710f00000, 0x0000000711000000, 0x0000000711000000|100%| E|CS|TAMS 0x0000000710f00000, 0x0000000710f00000| Complete 
| 250|0x0000000711000000, 0x0000000711100000, 0x0000000711100000|100%| E|CS|TAMS 0x0000000711000000, 0x0000000711000000| Complete 
| 251|0x0000000711100000, 0x0000000711200000, 0x0000000711200000|100%| E|CS|TAMS 0x0000000711100000, 0x0000000711100000| Complete 
| 252|0x0000000711200000, 0x0000000711300000, 0x0000000711300000|100%| E|CS|TAMS 0x0000000711200000, 0x0000000711200000| Complete 
| 253|0x0000000711300000, 0x0000000711400000, 0x0000000711400000|100%| E|CS|TAMS 0x0000000711300000, 0x0000000711300000| Complete 
| 254|0x0000000711400000, 0x0000000711500000, 0x0000000711500000|100%| E|CS|TAMS 0x0000000711400000, 0x0000000711400000| Complete 
| 255|0x0000000711500000, 0x0000000711600000, 0x0000000711600000|100%| E|CS|TAMS 0x0000000711500000, 0x0000000711500000| Complete 

Card table byte_map: [0x000001a7f3d20000,0x000001a7f4520000] _byte_map_base: 0x000001a7f0515000

Marking Bits (Prev, Next): (CMBitMap*) 0x000001a7db9d40f0, (CMBitMap*) 0x000001a7db9d40b8
 Prev Bits: [0x000001a7f8cd0000, 0x000001a7fcc78000)
 Next Bits: [0x000001a7f4d20000, 0x000001a7f8cc8000)

Polling page: 0x000001a7d98f0000

Metaspace:

Usage:
  Non-class:     22.75 MB capacity,    22.59 MB (>99%) used,   131.59 KB ( <1%) free+waste,    31.44 KB ( <1%) overhead. 
      Class:      3.00 MB capacity,     2.91 MB ( 97%) used,    80.66 KB (  3%) free+waste,    12.38 KB ( <1%) overhead. 
       Both:     25.75 MB capacity,    25.50 MB (>99%) used,   212.25 KB ( <1%) free+waste,    43.81 KB ( <1%) overhead. 

Virtual space:
  Non-class space:       24.00 MB reserved,      22.75 MB ( 95%) committed 
      Class space:        1.00 GB reserved,       3.00 MB ( <1%) committed 
             Both:        1.02 GB reserved,      25.75 MB (  2%) committed 

Chunk freelists:
   Non-Class:  2.00 KB
       Class:  2.00 KB
        Both:  4.00 KB

MaxMetaspaceSize: 17179869184.00 GB
CompressedClassSpaceSize: 1.00 GB

CodeHeap 'non-profiled nmethods': size=120000Kb used=1694Kb max_used=1694Kb free=118305Kb
 bounds [0x000001a7ebaa0000, 0x000001a7ebd10000, 0x000001a7f2fd0000]
CodeHeap 'profiled nmethods': size=120000Kb used=6915Kb max_used=6915Kb free=113084Kb
 bounds [0x000001a7e4570000, 0x000001a7e4c40000, 0x000001a7ebaa0000]
CodeHeap 'non-nmethods': size=5760Kb used=1164Kb max_used=1216Kb free=4596Kb
 bounds [0x000001a7e3fd0000, 0x000001a7e4240000, 0x000001a7e4570000]
 total_blobs=3826 nmethods=3329 adapters=408
 compilation: enabled
              stopped_count=0, restarted_count=0
 full_count=0

Compilation events (20 events):
Event: 1.612 Thread 0x000001a7ffb3e800 nmethod 3334 0x000001a7e4c2ba10 code [0x000001a7e4c2bd40, 0x000001a7e4c2d1f8]
Event: 1.614 Thread 0x000001a7ffb3e800 3335       3       java.io.FileInputStream::read (9 bytes)
Event: 1.614 Thread 0x000001a7ffb3e800 nmethod 3335 0x000001a7e4c2d890 code [0x000001a7e4c2da40, 0x000001a7e4c2db88]
Event: 1.614 Thread 0x000001a7ffb3e800 3336       3       java.io.WinNTFileSystem::normalize (143 bytes)
Event: 1.615 Thread 0x000001a7ffb3e800 nmethod 3336 0x000001a7e4c2dc90 code [0x000001a7e4c2df20, 0x000001a7e4c2ea78]
Event: 1.616 Thread 0x000001a7ffb3e800 3337       3       jdk.internal.loader.URLClassPath::getResource (74 bytes)
Event: 1.616 Thread 0x000001a7ffb3e800 nmethod 3337 0x000001a7e4c2ef10 code [0x000001a7e4c2f0e0, 0x000001a7e4c2f418]
Event: 1.617 Thread 0x000001a7ffd29800 nmethod 2994 0x000001a7ebc2cf90 code [0x000001a7ebc2d520, 0x000001a7ebc32670]
Event: 1.619 Thread 0x000001a7ffb2f000 3338       4       java.lang.ref.Reference::reachabilityFence (1 bytes)
Event: 1.619 Thread 0x000001a7ffb3e800 3339   !   3       java.nio.DirectByteBuffer::put (32 bytes)
Event: 1.620 Thread 0x000001a7ffb2f000 nmethod 3338 0x000001a7ebc36710 code [0x000001a7ebc368a0, 0x000001a7ebc368d8]
Event: 1.620 Thread 0x000001a7ffb2f000 3342       4       java.nio.DirectByteBuffer::ix (10 bytes)
Event: 1.620 Thread 0x000001a7ffb3e800 nmethod 3339 0x000001a7e4c2f590 code [0x000001a7e4c2f760, 0x000001a7e4c2fa58]
Event: 1.620 Thread 0x000001a7ffb3e800 3340       3       jdk.internal.misc.Unsafe::putByte (8 bytes)
Event: 1.620 Thread 0x000001a7ffb3e800 nmethod 3340 0x000001a7e4c2fc90 code [0x000001a7e4c2fe40, 0x000001a7e4c2ff58]
Event: 1.620 Thread 0x000001a7ffb2f000 nmethod 3342 0x000001a7ebc36990 code [0x000001a7ebc36b20, 0x000001a7ebc36b98]
Event: 1.624 Thread 0x000001a7ffb3e800 3345       3       java.lang.invoke.MemberName::isMethod (7 bytes)
Event: 1.624 Thread 0x000001a7ffb3e800 nmethod 3345 0x000001a7e4c30010 code [0x000001a7e4c301c0, 0x000001a7e4c303f8]
Event: 1.624 Thread 0x000001a7ffb3e800 3346       3       jdk.internal.org.objectweb.asm.MethodWriter::visitInsn (114 bytes)
Event: 1.625 Thread 0x000001a7ffb3e800 nmethod 3346 0x000001a7e4c30510 code [0x000001a7e4c30700, 0x000001a7e4c30b28]

GC Heap History (8 events):
Event: 0.330 GC heap before
{Heap before GC invocations=0 (full 0):
 garbage-first heap   total 262144K, used 24576K [0x0000000701600000, 0x0000000800000000)
  region size 1024K, 24 young (24576K), 0 survivors (0K)
 Metaspace       used 9734K, capacity 9846K, committed 9984K, reserved 1058816K
  class space    used 901K, capacity 958K, committed 1024K, reserved 1048576K
}
Event: 0.333 GC heap after
{Heap after GC invocations=1 (full 0):
 garbage-first heap   total 262144K, used 7527K [0x0000000701600000, 0x0000000800000000)
  region size 1024K, 3 young (3072K), 3 survivors (3072K)
 Metaspace       used 9734K, capacity 9846K, committed 9984K, reserved 1058816K
  class space    used 901K, capacity 958K, committed 1024K, reserved 1048576K
}
Event: 0.398 GC heap before
{Heap before GC invocations=1 (full 0):
 garbage-first heap   total 262144K, used 22887K [0x0000000701600000, 0x0000000800000000)
  region size 1024K, 18 young (18432K), 3 survivors (3072K)
 Metaspace       used 10321K, capacity 10492K, committed 10496K, reserved 1058816K
  class space    used 960K, capacity 1023K, committed 1024K, reserved 1048576K
}
Event: 0.400 GC heap after
{Heap after GC invocations=2 (full 0):
 garbage-first heap   total 262144K, used 9844K [0x0000000701600000, 0x0000000800000000)
  region size 1024K, 3 young (3072K), 3 survivors (3072K)
 Metaspace       used 10321K, capacity 10492K, committed 10496K, reserved 1058816K
  class space    used 960K, capacity 1023K, committed 1024K, reserved 1048576K
}
Event: 0.810 GC heap before
{Heap before GC invocations=2 (full 0):
 garbage-first heap   total 262144K, used 61044K [0x0000000701600000, 0x0000000800000000)
  region size 1024K, 48 young (49152K), 3 survivors (3072K)
 Metaspace       used 17652K, capacity 17874K, committed 17920K, reserved 1064960K
  class space    used 1951K, capacity 2046K, committed 2048K, reserved 1048576K
}
Event: 0.813 GC heap after
{Heap after GC invocations=3 (full 0):
 garbage-first heap   total 262144K, used 16547K [0x0000000701600000, 0x0000000800000000)
  region size 1024K, 6 young (6144K), 6 survivors (6144K)
 Metaspace       used 17652K, capacity 17874K, committed 17920K, reserved 1064960K
  class space    used 1951K, capacity 2046K, committed 2048K, reserved 1048576K
}
Event: 0.995 GC heap before
{Heap before GC invocations=3 (full 0):
 garbage-first heap   total 262144K, used 32931K [0x0000000701600000, 0x0000000800000000)
  region size 1024K, 23 young (23552K), 6 survivors (6144K)
 Metaspace       used 20975K, capacity 21124K, committed 21248K, reserved 1069056K
  class space    used 2409K, capacity 2465K, committed 2560K, reserved 1048576K
}
Event: 1.001 GC heap after
{Heap after GC invocations=4 (full 0):
 garbage-first heap   total 262144K, used 18813K [0x0000000701600000, 0x0000000800000000)
  region size 1024K, 6 young (6144K), 6 survivors (6144K)
 Metaspace       used 20975K, capacity 21124K, committed 21248K, reserved 1069056K
  class space    used 2409K, capacity 2465K, committed 2560K, reserved 1048576K
}

Deoptimization events (20 events):
Event: 1.442 Thread 0x000001a7db96c800 Uncommon trap: trap_request=0xffffffde fr.pc=0x000001a7ebb14684 relative=0x0000000000000064
Event: 1.442 Thread 0x000001a7db96c800 Uncommon trap: reason=class_check action=maybe_recompile pc=0x000001a7ebb14684 method=java.util.LinkedHashMap.afterNodeInsertion(Z)V @ 15 c2
Event: 1.442 Thread 0x000001a7db96c800 DEOPT PACKING pc=0x000001a7ebb14684 sp=0x0000001671bfa8c0
Event: 1.442 Thread 0x000001a7db96c800 DEOPT UNPACKING pc=0x000001a7e3ff772f sp=0x0000001671bfa838 mode 2
Event: 1.442 Thread 0x000001a7db96c800 Uncommon trap: trap_request=0xffffffde fr.pc=0x000001a7ebb14684 relative=0x0000000000000064
Event: 1.442 Thread 0x000001a7db96c800 Uncommon trap: reason=class_check action=maybe_recompile pc=0x000001a7ebb14684 method=java.util.LinkedHashMap.afterNodeInsertion(Z)V @ 15 c2
Event: 1.442 Thread 0x000001a7db96c800 DEOPT PACKING pc=0x000001a7ebb14684 sp=0x0000001671bfa8c0
Event: 1.442 Thread 0x000001a7db96c800 DEOPT UNPACKING pc=0x000001a7e3ff772f sp=0x0000001671bfa838 mode 2
Event: 1.606 Thread 0x000001a7db96c800 Uncommon trap: trap_request=0xffffff4d fr.pc=0x000001a7ebb33810 relative=0x00000000000015d0
Event: 1.606 Thread 0x000001a7db96c800 Uncommon trap: reason=unstable_if action=reinterpret pc=0x000001a7ebb33810 method=java.io.WinNTFileSystem.normalize(Ljava/lang/String;)Ljava/lang/String; @ 128 c2
Event: 1.607 Thread 0x000001a7db96c800 DEOPT PACKING pc=0x000001a7ebb33810 sp=0x0000001671bf9ca0
Event: 1.607 Thread 0x000001a7db96c800 DEOPT UNPACKING pc=0x000001a7e3ff772f sp=0x0000001671bf9c78 mode 2
Event: 1.621 Thread 0x000001a7db96c800 Uncommon trap: trap_request=0xffffffde fr.pc=0x000001a7ebb14684 relative=0x0000000000000064
Event: 1.621 Thread 0x000001a7db96c800 Uncommon trap: reason=class_check action=maybe_recompile pc=0x000001a7ebb14684 method=java.util.LinkedHashMap.afterNodeInsertion(Z)V @ 15 c2
Event: 1.621 Thread 0x000001a7db96c800 DEOPT PACKING pc=0x000001a7ebb14684 sp=0x0000001671bf7b60
Event: 1.621 Thread 0x000001a7db96c800 DEOPT UNPACKING pc=0x000001a7e3ff772f sp=0x0000001671bf7ad8 mode 2
Event: 1.621 Thread 0x000001a7db96c800 Uncommon trap: trap_request=0xffffffde fr.pc=0x000001a7ebb14684 relative=0x0000000000000064
Event: 1.621 Thread 0x000001a7db96c800 Uncommon trap: reason=class_check action=maybe_recompile pc=0x000001a7ebb14684 method=java.util.LinkedHashMap.afterNodeInsertion(Z)V @ 15 c2
Event: 1.621 Thread 0x000001a7db96c800 DEOPT PACKING pc=0x000001a7ebb14684 sp=0x0000001671bf7b60
Event: 1.621 Thread 0x000001a7db96c800 DEOPT UNPACKING pc=0x000001a7e3ff772f sp=0x0000001671bf7ad8 mode 2

Classes redefined (0 events):
No events

Internal exceptions (20 events):
Event: 0.310 Thread 0x000001a7db96c800 Exception <a 'java/lang/NoSuchMethodError'{0x00000007100f2ef8}: 'java.lang.Object java.lang.invoke.DirectMethodHandle$Holder.invokeStatic(java.lang.Object, java.lang.Object, java.lang.Object, java.lang.Object, java.lang.Object, java.lang.Object, java.lang.Object, java.lang.Object, java.lang.Object, java.lang.Object, java.lang.Object, int, int, java.lang.Object, java.lang.Object)'> (0x00000007100f2ef8) thrown at [./src/hotspot/share/interpreter/linkResolver.cpp, line 773]
Event: 0.312 Thread 0x000001a7db96c800 Exception <a 'java/lang/ClassNotFoundException'{0x000000070ff07250}: org/apache/log4j/PatternLayoutBeanInfo> (0x000000070ff07250) thrown at [./src/hotspot/share/classfile/systemDictionary.cpp, line 231]
Event: 0.312 Thread 0x000001a7db96c800 Exception <a 'java/lang/ClassNotFoundException'{0x000000070ff0e190}: org/apache/log4j/LayoutBeanInfo> (0x000000070ff0e190) thrown at [./src/hotspot/share/classfile/systemDictionary.cpp, line 231]
Event: 0.312 Thread 0x000001a7db96c800 Exception <a 'java/lang/ClassNotFoundException'{0x000000070ff0ec28}: java/lang/ObjectBeanInfo> (0x000000070ff0ec28) thrown at [./src/hotspot/share/classfile/systemDictionary.cpp, line 231]
Event: 0.317 Thread 0x000001a7db96c800 Exception <a 'java/lang/ClassNotFoundException'{0x000000070ff48798}: java/lang/ObjectCustomizer> (0x000000070ff48798) thrown at [./src/hotspot/share/classfile/systemDictionary.cpp, line 231]
Event: 0.321 Thread 0x000001a7db96c800 Exception <a 'java/lang/ClassNotFoundException'{0x000000070ff60978}: org/apache/log4j/LayoutCustomizer> (0x000000070ff60978) thrown at [./src/hotspot/share/classfile/systemDictionary.cpp, line 231]
Event: 0.323 Thread 0x000001a7db96c800 Exception <a 'java/lang/ClassNotFoundException'{0x000000070ff78750}: org/apache/log4j/PatternLayoutCustomizer> (0x000000070ff78750) thrown at [./src/hotspot/share/classfile/systemDictionary.cpp, line 231]
Event: 0.324 Thread 0x000001a7db96c800 Implicit null exception at 0x000001a7ebadbe74 to 0x000001a7ebadc370
Event: 0.978 Thread 0x000001a7db96c800 Implicit null exception at 0x000001a7ebadccf4 to 0x000001a7ebadd218
Event: 1.099 Thread 0x000001a7db96c800 Implicit null exception at 0x000001a7ebb3c04b to 0x000001a7ebb3c978
Event: 1.321 Thread 0x000001a7db96c800 Exception <a 'java/io/FileNotFoundException'{0x000000070faaf138}> (0x000000070faaf138) thrown at [./src/hotspot/share/prims/jni.cpp, line 615]
Event: 1.326 Thread 0x000001a7db96c800 Exception <a 'java/io/FileNotFoundException'{0x000000070fae92a0}> (0x000000070fae92a0) thrown at [./src/hotspot/share/prims/jni.cpp, line 615]
Event: 1.446 Thread 0x000001a7db96c800 Exception <a 'java/lang/NoSuchMethodError'{0x000000070eedd9a0}: 'java.lang.Object java.lang.invoke.DirectMethodHandle$Holder.invokeStaticInit(java.lang.Object, int, int, int, int)'> (0x000000070eedd9a0) thrown at [./src/hotspot/share/interpreter/linkResolver.cpp, line 773]
Event: 1.609 Thread 0x000001a7db96c800 Exception <a 'java/lang/NoSuchMethodError'{0x000000070ed1cd28}: 'java.lang.Object java.lang.invoke.DirectMethodHandle$Holder.invokeStaticInit(java.lang.Object, java.lang.Object, int, int, int, int)'> (0x000000070ed1cd28) thrown at [./src/hotspot/share/interpreter/linkResolver.cpp, line 773]
Event: 1.624 Thread 0x000001a7db96c800 Exception <a 'java/security/PrivilegedActionException'{0x000000070edd50f8}> (0x000000070edd50f8) thrown at [./src/hotspot/share/prims/jvm.cpp, line 1297]
Event: 1.624 Thread 0x000001a7db96c800 Exception <a 'java/security/PrivilegedActionException'{0x000000070edd6840}> (0x000000070edd6840) thrown at [./src/hotspot/share/prims/jvm.cpp, line 1297]
Event: 1.624 Thread 0x000001a7db96c800 Exception <a 'java/security/PrivilegedActionException'{0x000000070edd7ea8}> (0x000000070edd7ea8) thrown at [./src/hotspot/share/prims/jvm.cpp, line 1297]
Event: 1.625 Thread 0x000001a7db96c800 Exception <a 'java/security/PrivilegedActionException'{0x000000070ede4968}> (0x000000070ede4968) thrown at [./src/hotspot/share/prims/jvm.cpp, line 1297]
Event: 1.625 Thread 0x000001a7db96c800 Exception <a 'java/security/PrivilegedActionException'{0x000000070ede5fc8}> (0x000000070ede5fc8) thrown at [./src/hotspot/share/prims/jvm.cpp, line 1297]
Event: 1.625 Thread 0x000001a7db96c800 Exception <a 'java/security/PrivilegedActionException'{0x000000070ede75e8}> (0x000000070ede75e8) thrown at [./src/hotspot/share/prims/jvm.cpp, line 1297]

Events (20 events):
Event: 1.628 loading class java/nio/charset/CharacterCodingException
Event: 1.628 loading class java/nio/charset/CharacterCodingException done
Event: 1.628 loading class org/lwjgl/MemoryUtil$Accessor
Event: 1.628 loading class org/lwjgl/MemoryUtil$Accessor done
Event: 1.628 loading class org/lwjgl/MemoryUtilSun$AccessorUnsafe
Event: 1.628 loading class org/lwjgl/MemoryUtilSun$AccessorUnsafe done
Event: 1.628 loading class sun/misc/Unsafe
Event: 1.629 loading class sun/misc/Unsafe done
Event: 1.629 loading class org/lwjgl/MemoryUtilSun
Event: 1.629 loading class org/lwjgl/MemoryUtilSun done
Event: 1.629 loading class org/lwjgl/MemoryUtilSun$AccessorReflectFast
Event: 1.629 loading class org/lwjgl/MemoryUtilSun$AccessorReflectFast done
Event: 1.639 loading class org/lwjgl/openal/ALCdevice
Event: 1.639 loading class org/lwjgl/openal/ALCdevice done
Event: 1.639 loading class org/lwjgl/openal/ALCcontext
Event: 1.639 loading class org/lwjgl/openal/ALCcontext done
Event: 1.640 loading class org/lwjgl/openal/Util
Event: 1.640 loading class org/lwjgl/openal/Util done
Event: 1.640 loading class org/lwjgl/openal/OpenALException
Event: 1.640 loading class org/lwjgl/openal/OpenALException done


Dynamic libraries:
0x00007ff799790000 - 0x00007ff79979d000 	C:\Program Files\AdoptOpenJDK\jdk-11.0.8.10-hotspot\bin\javaw.exe
0x00007ffda29b0000 - 0x00007ffda2ba6000 	C:\Windows\SYSTEM32\ntdll.dll
0x00007ffd84a00000 - 0x00007ffd84a12000 	D:\Program files\Avast\aswhook.dll
0x00007ffda0cc0000 - 0x00007ffda0d7d000 	C:\Windows\System32\KERNEL32.DLL
0x00007ffda0350000 - 0x00007ffda0618000 	C:\Windows\System32\KERNELBASE.dll
0x00007ffda0780000 - 0x00007ffda0880000 	C:\Windows\System32\ucrtbase.dll
0x00007ffd7aa30000 - 0x00007ffd7aa47000 	C:\Program Files\AdoptOpenJDK\jdk-11.0.8.10-hotspot\bin\jli.dll
0x00007ffda1460000 - 0x00007ffda1600000 	C:\Windows\System32\USER32.dll
0x00007ffda02f0000 - 0x00007ffda0312000 	C:\Windows\System32\win32u.dll
0x00007ffda1e80000 - 0x00007ffda1eaa000 	C:\Windows\System32\GDI32.dll
0x00007ffda0100000 - 0x00007ffda0209000 	C:\Windows\System32\gdi32full.dll
0x00007ffda0880000 - 0x00007ffda091d000 	C:\Windows\System32\msvcp_win.dll
0x00007ffd7aa10000 - 0x00007ffd7aa25000 	C:\Program Files\AdoptOpenJDK\jdk-11.0.8.10-hotspot\bin\VCRUNTIME140.dll
0x00007ffd8d4e0000 - 0x00007ffd8d77b000 	C:\Windows\WinSxS\amd64_microsoft.windows.common-controls_6595b64144ccf1df_6.0.19041.488_none_ca04af081b815d21\COMCTL32.dll
0x00007ffda12f0000 - 0x00007ffda138e000 	C:\Windows\System32\msvcrt.dll
0x00007ffda2660000 - 0x00007ffda2690000 	C:\Windows\System32\IMM32.DLL
0x00007ffd57fe0000 - 0x00007ffd5807b000 	C:\Program Files\AdoptOpenJDK\jdk-11.0.8.10-hotspot\bin\msvcp140.dll
0x00007ffd19050000 - 0x00007ffd19b0d000 	C:\Program Files\AdoptOpenJDK\jdk-11.0.8.10-hotspot\bin\server\jvm.dll
0x00007ffda0ad0000 - 0x00007ffda0b7a000 	C:\Windows\System32\ADVAPI32.dll
0x00007ffda1250000 - 0x00007ffda12eb000 	C:\Windows\System32\sechost.dll
0x00007ffda2840000 - 0x00007ffda2964000 	C:\Windows\System32\RPCRT4.dll
0x00007ffda1eb0000 - 0x00007ffda1eb8000 	C:\Windows\System32\PSAPI.DLL
0x00007ffd89fb0000 - 0x00007ffd89fb9000 	C:\Windows\SYSTEM32\WSOCK32.dll
0x00007ffda13f0000 - 0x00007ffda145b000 	C:\Windows\System32\WS2_32.dll
0x00007ffd94f00000 - 0x00007ffd94f27000 	C:\Windows\SYSTEM32\WINMM.dll
0x00007ffd99440000 - 0x00007ffd9944a000 	C:\Windows\SYSTEM32\VERSION.dll
0x00007ffd9e070000 - 0x00007ffd9e082000 	C:\Windows\SYSTEM32\kernel.appcore.dll
0x00007ffd9bf30000 - 0x00007ffd9bf40000 	C:\Program Files\AdoptOpenJDK\jdk-11.0.8.10-hotspot\bin\verify.dll
0x00007ffd91f00000 - 0x00007ffd920e4000 	C:\Windows\SYSTEM32\DBGHELP.DLL
0x00007ffd91ed0000 - 0x00007ffd91efc000 	C:\Windows\SYSTEM32\dbgcore.DLL
0x00007ffda0270000 - 0x00007ffda02ef000 	C:\Windows\System32\bcryptPrimitives.dll
0x00007ffd8ead0000 - 0x00007ffd8eaf8000 	C:\Program Files\AdoptOpenJDK\jdk-11.0.8.10-hotspot\bin\java.dll
0x00007ffd9bec0000 - 0x00007ffd9beca000 	C:\Program Files\AdoptOpenJDK\jdk-11.0.8.10-hotspot\bin\jimage.dll
0x00007ffd9a490000 - 0x00007ffd9a4a7000 	C:\Program Files\AdoptOpenJDK\jdk-11.0.8.10-hotspot\bin\zip.dll
0x00007ffda1730000 - 0x00007ffda1e70000 	C:\Windows\System32\SHELL32.dll
0x00007ffd9e270000 - 0x00007ffd9ea04000 	C:\Windows\SYSTEM32\windows.storage.dll
0x00007ffda1ee0000 - 0x00007ffda2235000 	C:\Windows\System32\combase.dll
0x00007ffd9fb70000 - 0x00007ffd9fb9c000 	C:\Windows\SYSTEM32\Wldp.dll
0x00007ffda0a20000 - 0x00007ffda0ace000 	C:\Windows\System32\SHCORE.dll
0x00007ffda22d0000 - 0x00007ffda2325000 	C:\Windows\System32\shlwapi.dll
0x00007ffda0030000 - 0x00007ffda0056000 	C:\Windows\SYSTEM32\profapi.dll
0x00007ffd8d010000 - 0x00007ffd8d029000 	C:\Program Files\AdoptOpenJDK\jdk-11.0.8.10-hotspot\bin\net.dll
0x00007ffd98a70000 - 0x00007ffd98b70000 	C:\Windows\SYSTEM32\WINHTTP.dll
0x00007ffd9f8f0000 - 0x00007ffd9f95a000 	C:\Windows\system32\mswsock.dll
0x00007ffd8cff0000 - 0x00007ffd8d002000 	C:\Program Files\AdoptOpenJDK\jdk-11.0.8.10-hotspot\bin\nio.dll
0x0000000065580000 - 0x0000000065616000 	C:\Users\nenol\AppData\Local\Temp\libgdxnenol\12dfaa03\gdx64.dll
0x00007ffd9fad0000 - 0x00007ffd9fae8000 	C:\Windows\SYSTEM32\CRYPTSP.dll
0x00007ffd9f210000 - 0x00007ffd9f244000 	C:\Windows\system32\rsaenh.dll
0x00007ffda0320000 - 0x00007ffda0347000 	C:\Windows\System32\bcrypt.dll
0x00007ffd9fff0000 - 0x00007ffda001e000 	C:\Windows\SYSTEM32\USERENV.dll
0x00007ffd9fac0000 - 0x00007ffd9facc000 	C:\Windows\SYSTEM32\CRYPTBASE.dll
0x00007ffd9f590000 - 0x00007ffd9f5cb000 	C:\Windows\SYSTEM32\IPHLPAPI.DLL
0x00007ffda2400000 - 0x00007ffda2409000 	C:\Windows\System32\NSI.dll
0x00007ffd9a290000 - 0x00007ffd9a2a7000 	C:\Windows\SYSTEM32\dhcpcsvc6.DLL
0x00007ffd9a270000 - 0x00007ffd9a28d000 	C:\Windows\SYSTEM32\dhcpcsvc.DLL
0x00007ffd9f5d0000 - 0x00007ffd9f69b000 	C:\Windows\SYSTEM32\DNSAPI.dll
0x0000000180000000 - 0x0000000180053000 	C:\Users\nenol\AppData\Local\Temp\libgdxnenol\dc0f0009\lwjgl64.dll
0x00007ffd54d30000 - 0x00007ffd54e55000 	C:\Windows\SYSTEM32\OPENGL32.dll
0x00007ffd6af30000 - 0x00007ffd6af5c000 	C:\Windows\SYSTEM32\GLU32.dll
0x000001a782480000 - 0x000001a7824e4000 	C:\Users\nenol\AppData\Local\Temp\libgdxnenol\dc0f0009\OpenAL64.dll
0x00007ffda1600000 - 0x00007ffda172a000 	C:\Windows\System32\ole32.dll
0x00007ffd9dad0000 - 0x00007ffd9db6f000 	C:\Windows\system32\uxtheme.dll
0x00007ffda2410000 - 0x00007ffda24b9000 	C:\Windows\System32\clbcatq.dll
0x00007ffd3f960000 - 0x00007ffd3f9fc000 	C:\Windows\SYSTEM32\dsound.dll
0x00007ffd9f700000 - 0x00007ffd9f74b000 	C:\Windows\SYSTEM32\powrprof.dll
0x00007ffd7bd20000 - 0x00007ffd7bd46000 	C:\Windows\SYSTEM32\winmmbase.dll
0x00007ffd9f570000 - 0x00007ffd9f582000 	C:\Windows\SYSTEM32\UMPDC.dll
0x00007ffd99290000 - 0x00007ffd99315000 	C:\Windows\System32\MMDevApi.dll
0x00007ffd9feb0000 - 0x00007ffd9fedc000 	C:\Windows\System32\DEVOBJ.dll
0x00007ffda0920000 - 0x00007ffda096e000 	C:\Windows\System32\cfgmgr32.dll
0x00007ffd98e40000 - 0x00007ffd98fc1000 	C:\Windows\SYSTEM32\AUDIOSES.DLL
0x00007ffda2330000 - 0x00007ffda23fd000 	C:\Windows\System32\OLEAUT32.dll

dbghelp: loaded successfully - version: 4.0.5 - missing functions: none
symbol engine: initialized successfully - sym options: 0x614 - pdb path: .;C:\Program Files\AdoptOpenJDK\jdk-11.0.8.10-hotspot\bin;C:\Windows\SYSTEM32;D:\Program files\Avast;C:\Windows\WinSxS\amd64_microsoft.windows.common-controls_6595b64144ccf1df_6.0.19041.488_none_ca04af081b815d21;C:\Program Files\AdoptOpenJDK\jdk-11.0.8.10-hotspot\bin\server;C:\Users\nenol\AppData\Local\Temp\libgdxnenol\12dfaa03;C:\Users\nenol\AppData\Local\Temp\libgdxnenol\dc0f0009

VM Arguments:
jvm_args: -Duser.language=es_AR -Dfile.encoding=UTF-8 
java_command: org.uqbar.project.wollok.launch.WollokLauncher -requestsPort 0 -eventsPort 0 -folder -dontValidate -wf src/Golf.wpgm
java_class_path (initial): D:\Program files\Wollok\workspace\TpGolf\bin;D:\Program files\Wollok\plugins\com.ibm.icu_64.2.0.v20190507-1337.jar;D:\Program files\Wollok\plugins\org.eclipse.xtext_2.20.0.v20191202-0915.jar;D:\Program files\Wollok\plugins\org.eclipse.emf.ecore.xmi_2.16.0.v20190528-0725.jar;D:\Program files\Wollok\plugins\org.eclipse.emf.ecore_2.20.0.v20190920-0401.jar;D:\Program files\Wollok\plugins\org.eclipse.emf.common_2.17.0.v20190920-0401.jar;D:\Program files\Wollok\plugins\org.antlr.runtime_3.2.0.v201101311130.jar;D:\Program files\Wollok\plugins\com.google.inject_3.0.0.v201605172100.jar;D:\Program files\Wollok\plugins\org.eclipse.emf.mwe.core_1.5.1.v20191121-1148.jar;D:\Program files\Wollok\plugins\org.apache.commons.cli_1.2.0.v201404270220.jar;D:\Program files\Wollok\plugins\org.eclipse.emf.mwe2.runtime_2.11.1.v20191121-1148.jar;D:\Program files\Wollok\plugins\org.eclipse.emf.mwe.utils_1.5.1.v20191121-1148.jar;D:\Program files\Wollok\plugins\org.eclipse.xtext.util_2.20.0.v20191202-0915.jar;D:\Program files\Wollok\plugins\com.google.guava_27.1.0.v20190517-1946.jar;D:\Program files\Wollok\plugins\javax.inject_1.0.0.v20091030.jar;D:\Program files\Wollok\plugins\org.eclipse.xtext.generator_2.20.0.v20191202-0933.jar;D:\Program files\Wollok\plugins\org.eclipse.xtext.xtext.generator_2.20.0.v20191202-0915.jar;D:\Program files\Wollok\plugins\org.eclipse.xtext.xbase.lib_2.20.0.v20191202-0907.jar;D:\Program files\Wollok\plugins\org.eclipse.emf.codegen.ecore_2.20.0.v20191012-0918.jar;D:\Program files\Wollok\plugins\org.eclipse.emf.codegen_2.19.0.v20190821-1536.jar;D:\Program files\Wollok\plugins\org.eclipse.xtend_2.2.0.v201605260315.jar;D:\Program files\Wollok\plugins\org.eclipse.xpand_2.2.0.v201605260315.jar;D:\Program files\Wollok\plugins\org.eclipse.xtend.typesystem.emf_2.2.0.v201605260315.jar;D:\Program files\Wollok\plugins\org.uqbar.project.wollok_2.0.1.jar;D:\Program files\Wollok\plugins\org.eclipse.xtext.xbase_2.20.0.v20191202-0933.jar;D:\Program file
Launcher Type: SUN_STANDARD

[Global flags]
     intx CICompilerCount                          = 4                                         {product} {ergonomic}
     uint ConcGCThreads                            = 3                                         {product} {ergonomic}
     uint G1ConcRefinementThreads                  = 10                                        {product} {ergonomic}
   size_t G1HeapRegionSize                         = 1048576                                   {product} {ergonomic}
    uintx GCDrainStackTargetSize                   = 64                                        {product} {ergonomic}
   size_t InitialHeapSize                          = 268435456                                 {product} {ergonomic}
   size_t MarkStackSize                            = 4194304                                   {product} {ergonomic}
   size_t MaxHeapSize                              = 4271898624                                {product} {ergonomic}
   size_t MaxNewSize                               = 2562719744                                {product} {ergonomic}
   size_t MinHeapDeltaBytes                        = 1048576                                   {product} {ergonomic}
    uintx NonNMethodCodeHeapSize                   = 5836300                                {pd product} {ergonomic}
    uintx NonProfiledCodeHeapSize                  = 122910970                              {pd product} {ergonomic}
    uintx ProfiledCodeHeapSize                     = 122910970                              {pd product} {ergonomic}
    uintx ReservedCodeCacheSize                    = 251658240                              {pd product} {ergonomic}
     bool SegmentedCodeCache                       = true                                      {product} {ergonomic}
     bool UseCompressedClassPointers               = true                                 {lp64_product} {ergonomic}
     bool UseCompressedOops                        = true                                 {lp64_product} {ergonomic}
     bool UseG1GC                                  = true                                      {product} {ergonomic}
     bool UseLargePagesIndividualAllocation        = false                                  {pd product} {ergonomic}

Logging:
Log output configuration:
 #0: stdout all=warning uptime,level,tags
 #1: stderr all=off uptime,level,tags

Environment Variables:
PATH=C:/Program Files/AdoptOpenJDK/jdk-11.0.8.10-hotspot/bin/client;C:/Program Files/AdoptOpenJDK/jdk-11.0.8.10-hotspot/bin;C:\Program Files\AdoptOpenJDK\jdk-11.0.8.10-hotspot\bin;C:\Windows\system32;C:\Windows;C:\Windows\System32\Wbem;C:\Windows\System32\WindowsPowerShell\v1.0\;C:\Windows\System32\OpenSSH\;C:\Program Files\NVIDIA Corporation\NVIDIA NvDLISR;C:\Program Files (x86)\NVIDIA Corporation\PhysX\Common;D:\Program files\Git\cmd;C:\Users\nenol\AppData\Local\Microsoft\WindowsApps;;D:\Program files\Microsoft VS Code\bin;D:\Program files\Wollok;
USERNAME=nenol
OS=Windows_NT
PROCESSOR_IDENTIFIER=Intel64 Family 6 Model 165 Stepping 3, GenuineIntel



---------------  S Y S T E M  ---------------

OS: Windows 10 , 64 bit Build 19041 (10.0.19041.546)
OS uptime: 0 days 0:35 hours

CPU:total 12 (initial active 12) (6 cores per cpu, 2 threads per core) family 6 model 165 stepping 3, cmov, cx8, fxsr, mmx, sse, sse2, sse3, ssse3, sse4.1, sse4.2, popcnt, avx, avx2, aes, clmul, erms, 3dnowpref, lzcnt, ht, tsc, tscinvbit, bmi1, bmi2, adx, fma

Memory: 4k page, system-wide physical 16289M (9967M free)
TotalPageFile size 28577M (AvailPageFile size 19209M)
current process WorkingSet (physical memory assigned to process): 184M, peak: 194M
current process commit charge ("private bytes"): 413M, peak: 428M

vm_info: OpenJDK 64-Bit Server VM (11.0.8+10) for windows-amd64 JRE (11.0.8+10), built on Jul 15 2020 11:45:54 by "" with MS VC++ 15.9 (VS2017)

END.
